{"C:\\Users\\Usuariio\\TeamExoApp\\servicios\\rutasREST\\Comentario.js": {"path":"C:\\Users\\Usuariio\\TeamExoApp\\servicios\\rutasREST\\Comentario.js","statementMap":{"0":{"start":{"line":1,"column":16},"end":{"line":1,"column":34}},"1":{"start":{"line":2,"column":15},"end":{"line":2,"column":31}},"2":{"start":{"line":8,"column":4},"end":{"line":8,"column":49}},"3":{"start":{"line":44,"column":0},"end":{"line":44,"column":34}},"4":{"start":{"line":65,"column":0},"end":{"line":65,"column":65}},"5":{"start":{"line":97,"column":0},"end":{"line":97,"column":51}},"6":{"start":{"line":120,"column":0},"end":{"line":120,"column":52}},"7":{"start":{"line":122,"column":0},"end":{"line":122,"column":24}}},"fnMap":{},"branchMap":{},"s":{"0":29,"1":29,"2":29,"3":29,"4":29,"5":29,"6":29,"7":29},"f":{},"b":{},"_coverageSchema":"1a1c01bbd47fc00a2c39e90264f33305004495a9","hash":"405e5423d178c111789ca775cece311edf56a553"}
,"C:\\Users\\Usuariio\\TeamExoApp\\servicios\\rutasREST\\Estadistica.js": {"path":"C:\\Users\\Usuariio\\TeamExoApp\\servicios\\rutasREST\\Estadistica.js","statementMap":{"0":{"start":{"line":1,"column":16},"end":{"line":1,"column":34}},"1":{"start":{"line":2,"column":15},"end":{"line":2,"column":31}},"2":{"start":{"line":3,"column":31},"end":{"line":3,"column":77}},"3":{"start":{"line":43,"column":0},"end":{"line":43,"column":75}},"4":{"start":{"line":45,"column":0},"end":{"line":45,"column":24}}},"fnMap":{},"branchMap":{},"s":{"0":29,"1":29,"2":29,"3":29,"4":29},"f":{},"b":{},"_coverageSchema":"1a1c01bbd47fc00a2c39e90264f33305004495a9","hash":"7308371355520eb2236f677429f373174f06b437"}
,"C:\\Users\\Usuariio\\TeamExoApp\\servicios\\rutasREST\\Notificacion.js": {"path":"C:\\Users\\Usuariio\\TeamExoApp\\servicios\\rutasREST\\Notificacion.js","statementMap":{"0":{"start":{"line":1,"column":16},"end":{"line":1,"column":34}},"1":{"start":{"line":2,"column":15},"end":{"line":2,"column":31}},"2":{"start":{"line":8,"column":4},"end":{"line":8,"column":53}},"3":{"start":{"line":51,"column":0},"end":{"line":51,"column":64}},"4":{"start":{"line":74,"column":0},"end":{"line":74,"column":51}},"5":{"start":{"line":99,"column":0},"end":{"line":99,"column":58}},"6":{"start":{"line":122,"column":0},"end":{"line":122,"column":44}},"7":{"start":{"line":124,"column":0},"end":{"line":124,"column":24}}},"fnMap":{},"branchMap":{},"s":{"0":29,"1":29,"2":29,"3":29,"4":29,"5":29,"6":29,"7":29},"f":{},"b":{},"_coverageSchema":"1a1c01bbd47fc00a2c39e90264f33305004495a9","hash":"9aa9d3209fe8a2a2883c65fcad55154756474296"}
,"C:\\Users\\Usuariio\\TeamExoApp\\servicios\\rutasREST\\Publicacion.js": {"path":"C:\\Users\\Usuariio\\TeamExoApp\\servicios\\rutasREST\\Publicacion.js","statementMap":{"0":{"start":{"line":1,"column":16},"end":{"line":1,"column":34}},"1":{"start":{"line":2,"column":15},"end":{"line":2,"column":31}},"2":{"start":{"line":9,"column":4},"end":{"line":9,"column":50}},"3":{"start":{"line":51,"column":0},"end":{"line":51,"column":35}},"4":{"start":{"line":87,"column":0},"end":{"line":87,"column":63}},"5":{"start":{"line":127,"column":0},"end":{"line":127,"column":43}},"6":{"start":{"line":161,"column":0},"end":{"line":161,"column":61}},"7":{"start":{"line":231,"column":0},"end":{"line":231,"column":67}},"8":{"start":{"line":233,"column":0},"end":{"line":233,"column":24}}},"fnMap":{},"branchMap":{},"s":{"0":29,"1":29,"2":29,"3":29,"4":29,"5":29,"6":29,"7":29,"8":29},"f":{},"b":{},"_coverageSchema":"1a1c01bbd47fc00a2c39e90264f33305004495a9","hash":"d5cbda497821e57a5c2fecb2d04157d36f0342e4"}
,"C:\\Users\\Usuariio\\TeamExoApp\\servicios\\rutasREST\\Reaccion.js": {"path":"C:\\Users\\Usuariio\\TeamExoApp\\servicios\\rutasREST\\Reaccion.js","statementMap":{"0":{"start":{"line":1,"column":16},"end":{"line":1,"column":34}},"1":{"start":{"line":2,"column":15},"end":{"line":2,"column":31}},"2":{"start":{"line":8,"column":4},"end":{"line":8,"column":47}},"3":{"start":{"line":52,"column":0},"end":{"line":52,"column":32}},"4":{"start":{"line":73,"column":0},"end":{"line":73,"column":64}},"5":{"start":{"line":106,"column":0},"end":{"line":106,"column":47}},"6":{"start":{"line":129,"column":0},"end":{"line":129,"column":48}},"7":{"start":{"line":131,"column":0},"end":{"line":131,"column":24}}},"fnMap":{},"branchMap":{},"s":{"0":29,"1":29,"2":29,"3":29,"4":29,"5":29,"6":29,"7":29},"f":{},"b":{},"_coverageSchema":"1a1c01bbd47fc00a2c39e90264f33305004495a9","hash":"cd566481a47fce939872a06865e8100f34d36aa1"}
,"C:\\Users\\Usuariio\\TeamExoApp\\servicios\\rutasREST\\Recurso.js": {"path":"C:\\Users\\Usuariio\\TeamExoApp\\servicios\\rutasREST\\Recurso.js","statementMap":{"0":{"start":{"line":1,"column":16},"end":{"line":1,"column":34}},"1":{"start":{"line":2,"column":15},"end":{"line":2,"column":31}},"2":{"start":{"line":10,"column":4},"end":{"line":10,"column":46}},"3":{"start":{"line":52,"column":0},"end":{"line":52,"column":38}},"4":{"start":{"line":75,"column":0},"end":{"line":75,"column":40}},"5":{"start":{"line":96,"column":0},"end":{"line":96,"column":61}},"6":{"start":{"line":117,"column":0},"end":{"line":117,"column":50}},"7":{"start":{"line":140,"column":0},"end":{"line":140,"column":39}},"8":{"start":{"line":178,"column":0},"end":{"line":178,"column":38}},"9":{"start":{"line":180,"column":0},"end":{"line":180,"column":24}}},"fnMap":{},"branchMap":{},"s":{"0":29,"1":29,"2":29,"3":29,"4":29,"5":29,"6":29,"7":29,"8":29,"9":29},"f":{},"b":{},"_coverageSchema":"1a1c01bbd47fc00a2c39e90264f33305004495a9","hash":"f55da5abcdf905aa15e3b19292c38444fc87ce7b"}
,"C:\\Users\\Usuariio\\TeamExoApp\\servicios\\rutasREST\\Usuario.js": {"path":"C:\\Users\\Usuariio\\TeamExoApp\\servicios\\rutasREST\\Usuario.js","statementMap":{"0":{"start":{"line":1,"column":16},"end":{"line":1,"column":34}},"1":{"start":{"line":2,"column":15},"end":{"line":2,"column":31}},"2":{"start":{"line":10,"column":4},"end":{"line":10,"column":46}},"3":{"start":{"line":11,"column":19},"end":{"line":11,"column":61}},"4":{"start":{"line":32,"column":0},"end":{"line":32,"column":29}},"5":{"start":{"line":74,"column":0},"end":{"line":74,"column":33}},"6":{"start":{"line":113,"column":0},"end":{"line":113,"column":45}},"7":{"start":{"line":136,"column":0},"end":{"line":136,"column":46}},"8":{"start":{"line":171,"column":0},"end":{"line":171,"column":59}},"9":{"start":{"line":189,"column":0},"end":{"line":189,"column":49}},"10":{"start":{"line":191,"column":0},"end":{"line":191,"column":24}}},"fnMap":{},"branchMap":{},"s":{"0":29,"1":29,"2":29,"3":29,"4":29,"5":29,"6":29,"7":29,"8":29,"9":29,"10":29},"f":{},"b":{},"_coverageSchema":"1a1c01bbd47fc00a2c39e90264f33305004495a9","hash":"5b8847dea0beeb8079ccd66d785e36a4bb95a3aa"}
,"C:\\Users\\Usuariio\\TeamExoApp\\servicios\\serviciosgRPC\\grcpEstadistica\\controladores\\EstadisticaGRPC.js": {"path":"C:\\Users\\Usuariio\\TeamExoApp\\servicios\\serviciosgRPC\\grcpEstadistica\\controladores\\EstadisticaGRPC.js","statementMap":{"0":{"start":{"line":1,"column":20},"end":{"line":1,"column":66}},"1":{"start":{"line":2,"column":16},"end":{"line":2,"column":58}},"2":{"start":{"line":3,"column":17},"end":{"line":3,"column":60}},"3":{"start":{"line":4,"column":19},"end":{"line":4,"column":64}},"4":{"start":{"line":5,"column":20},"end":{"line":5,"column":62}},"5":{"start":{"line":6,"column":21},"end":{"line":6,"column":68}},"6":{"start":{"line":7,"column":13},"end":{"line":7,"column":37}},"7":{"start":{"line":8,"column":17},"end":{"line":8,"column":36}},"8":{"start":{"line":11,"column":4},"end":{"line":121,"column":5}},"9":{"start":{"line":22,"column":12},"end":{"line":65,"column":10}},"10":{"start":{"line":68,"column":28},"end":{"line":68,"column":67}},"11":{"start":{"line":69,"column":34},"end":{"line":69,"column":85}},"12":{"start":{"line":70,"column":39},"end":{"line":70,"column":100}},"13":{"start":{"line":71,"column":43},"end":{"line":71,"column":112}},"14":{"start":{"line":72,"column":35},"end":{"line":72,"column":88}},"15":{"start":{"line":73,"column":40},"end":{"line":73,"column":103}},"16":{"start":{"line":74,"column":41},"end":{"line":74,"column":106}},"17":{"start":{"line":76,"column":36},"end":{"line":78,"column":18}},"18":{"start":{"line":80,"column":42},"end":{"line":82,"column":18}},"19":{"start":{"line":84,"column":78},"end":{"line":88,"column":10}},"20":{"start":{"line":90,"column":43},"end":{"line":93,"column":11}},"21":{"start":{"line":90,"column":72},"end":{"line":93,"column":9}},"22":{"start":{"line":95,"column":8},"end":{"line":114,"column":11}},"23":{"start":{"line":116,"column":8},"end":{"line":116,"column":62}},"24":{"start":{"line":117,"column":8},"end":{"line":120,"column":11}},"25":{"start":{"line":124,"column":0},"end":{"line":124,"column":41}}},"fnMap":{"0":{"name":"obtenerEstadisticas","decl":{"start":{"line":10,"column":15},"end":{"line":10,"column":34}},"loc":{"start":{"line":10,"column":51},"end":{"line":122,"column":1}},"line":10},"1":{"name":"(anonymous_1)","decl":{"start":{"line":90,"column":66},"end":{"line":90,"column":67}},"loc":{"start":{"line":90,"column":72},"end":{"line":93,"column":9}},"line":90}},"branchMap":{"0":{"loc":{"start":{"line":68,"column":28},"end":{"line":68,"column":67}},"type":"cond-expr","locations":[{"start":{"line":68,"column":54},"end":{"line":68,"column":62}},{"start":{"line":68,"column":65},"end":{"line":68,"column":67}}],"line":68},"1":{"loc":{"start":{"line":69,"column":34},"end":{"line":69,"column":85}},"type":"cond-expr","locations":[{"start":{"line":69,"column":66},"end":{"line":69,"column":80}},{"start":{"line":69,"column":83},"end":{"line":69,"column":85}}],"line":69},"2":{"loc":{"start":{"line":70,"column":39},"end":{"line":70,"column":100}},"type":"cond-expr","locations":[{"start":{"line":70,"column":76},"end":{"line":70,"column":95}},{"start":{"line":70,"column":98},"end":{"line":70,"column":100}}],"line":70},"3":{"loc":{"start":{"line":71,"column":43},"end":{"line":71,"column":112}},"type":"cond-expr","locations":[{"start":{"line":71,"column":84},"end":{"line":71,"column":107}},{"start":{"line":71,"column":110},"end":{"line":71,"column":112}}],"line":71},"4":{"loc":{"start":{"line":72,"column":35},"end":{"line":72,"column":88}},"type":"cond-expr","locations":[{"start":{"line":72,"column":68},"end":{"line":72,"column":83}},{"start":{"line":72,"column":86},"end":{"line":72,"column":88}}],"line":72},"5":{"loc":{"start":{"line":73,"column":40},"end":{"line":73,"column":103}},"type":"cond-expr","locations":[{"start":{"line":73,"column":78},"end":{"line":73,"column":98}},{"start":{"line":73,"column":101},"end":{"line":73,"column":103}}],"line":73},"6":{"loc":{"start":{"line":74,"column":41},"end":{"line":74,"column":106}},"type":"cond-expr","locations":[{"start":{"line":74,"column":80},"end":{"line":74,"column":101}},{"start":{"line":74,"column":104},"end":{"line":74,"column":106}}],"line":74},"7":{"loc":{"start":{"line":76,"column":36},"end":{"line":78,"column":18}},"type":"cond-expr","locations":[{"start":{"line":77,"column":14},"end":{"line":77,"column":96}},{"start":{"line":78,"column":14},"end":{"line":78,"column":18}}],"line":76},"8":{"loc":{"start":{"line":80,"column":42},"end":{"line":82,"column":18}},"type":"cond-expr","locations":[{"start":{"line":81,"column":14},"end":{"line":81,"column":102}},{"start":{"line":82,"column":14},"end":{"line":82,"column":18}}],"line":80},"9":{"loc":{"start":{"line":85,"column":29},"end":{"line":85,"column":168}},"type":"cond-expr","locations":[{"start":{"line":85,"column":99},"end":{"line":85,"column":161}},{"start":{"line":85,"column":164},"end":{"line":85,"column":168}}],"line":85},"10":{"loc":{"start":{"line":86,"column":29},"end":{"line":86,"column":162}},"type":"cond-expr","locations":[{"start":{"line":86,"column":96},"end":{"line":86,"column":155}},{"start":{"line":86,"column":158},"end":{"line":86,"column":162}}],"line":86},"11":{"loc":{"start":{"line":87,"column":29},"end":{"line":87,"column":164}},"type":"cond-expr","locations":[{"start":{"line":87,"column":97},"end":{"line":87,"column":157}},{"start":{"line":87,"column":160},"end":{"line":87,"column":164}}],"line":87},"12":{"loc":{"start":{"line":97,"column":31},"end":{"line":97,"column":69}},"type":"binary-expr","locations":[{"start":{"line":97,"column":31},"end":{"line":97,"column":62}},{"start":{"line":97,"column":66},"end":{"line":97,"column":69}}],"line":97},"13":{"loc":{"start":{"line":98,"column":24},"end":{"line":98,"column":68}},"type":"binary-expr","locations":[{"start":{"line":98,"column":24},"end":{"line":98,"column":51}},{"start":{"line":98,"column":55},"end":{"line":98,"column":68}}],"line":98},"14":{"loc":{"start":{"line":99,"column":23},"end":{"line":99,"column":49}},"type":"binary-expr","locations":[{"start":{"line":99,"column":23},"end":{"line":99,"column":44}},{"start":{"line":99,"column":48},"end":{"line":99,"column":49}}],"line":99},"15":{"loc":{"start":{"line":102,"column":31},"end":{"line":102,"column":75}},"type":"binary-expr","locations":[{"start":{"line":102,"column":31},"end":{"line":102,"column":68}},{"start":{"line":102,"column":72},"end":{"line":102,"column":75}}],"line":102},"16":{"loc":{"start":{"line":103,"column":24},"end":{"line":103,"column":74}},"type":"binary-expr","locations":[{"start":{"line":103,"column":24},"end":{"line":103,"column":57}},{"start":{"line":103,"column":61},"end":{"line":103,"column":74}}],"line":103},"17":{"loc":{"start":{"line":104,"column":23},"end":{"line":104,"column":55}},"type":"binary-expr","locations":[{"start":{"line":104,"column":23},"end":{"line":104,"column":50}},{"start":{"line":104,"column":54},"end":{"line":104,"column":55}}],"line":104},"18":{"loc":{"start":{"line":107,"column":36},"end":{"line":107,"column":75}},"type":"binary-expr","locations":[{"start":{"line":107,"column":36},"end":{"line":107,"column":66}},{"start":{"line":107,"column":70},"end":{"line":107,"column":75}}],"line":107},"19":{"loc":{"start":{"line":108,"column":35},"end":{"line":108,"column":72}},"type":"binary-expr","locations":[{"start":{"line":108,"column":35},"end":{"line":108,"column":67}},{"start":{"line":108,"column":71},"end":{"line":108,"column":72}}],"line":108},"20":{"loc":{"start":{"line":109,"column":37},"end":{"line":109,"column":82}},"type":"binary-expr","locations":[{"start":{"line":109,"column":37},"end":{"line":109,"column":65}},{"start":{"line":109,"column":69},"end":{"line":109,"column":82}}],"line":109},"21":{"loc":{"start":{"line":111,"column":34},"end":{"line":111,"column":76}},"type":"binary-expr","locations":[{"start":{"line":111,"column":34},"end":{"line":111,"column":59}},{"start":{"line":111,"column":63},"end":{"line":111,"column":76}}],"line":111},"22":{"loc":{"start":{"line":112,"column":35},"end":{"line":112,"column":78}},"type":"binary-expr","locations":[{"start":{"line":112,"column":35},"end":{"line":112,"column":61}},{"start":{"line":112,"column":65},"end":{"line":112,"column":78}}],"line":112}},"s":{"0":29,"1":29,"2":29,"3":29,"4":29,"5":29,"6":29,"7":29,"8":1,"9":1,"10":1,"11":1,"12":1,"13":1,"14":1,"15":1,"16":1,"17":1,"18":1,"19":1,"20":1,"21":3,"22":1,"23":0,"24":0,"25":29},"f":{"0":1,"1":3},"b":{"0":[1,0],"1":[1,0],"2":[1,0],"3":[1,0],"4":[1,0],"5":[1,0],"6":[1,0],"7":[1,0],"8":[1,0],"9":[1,0],"10":[1,0],"11":[1,0],"12":[1,0],"13":[1,0],"14":[1,0],"15":[1,0],"16":[1,0],"17":[1,0],"18":[1,0],"19":[1,0],"20":[1,0],"21":[1,0],"22":[1,0]},"_coverageSchema":"1a1c01bbd47fc00a2c39e90264f33305004495a9","hash":"de0b10ea02ab94493f39c62bfdf7f35dbb1fcdec"}
,"C:\\Users\\Usuariio\\TeamExoApp\\servicios\\serviciosgRPC\\grcpNotificacion\\controladores\\NotificacionGRPC.js": {"path":"C:\\Users\\Usuariio\\TeamExoApp\\servicios\\serviciosgRPC\\grcpNotificacion\\controladores\\NotificacionGRPC.js","statementMap":{"0":{"start":{"line":1,"column":21},"end":{"line":1,"column":68}},"1":{"start":{"line":8,"column":21},"end":{"line":8,"column":23}},"2":{"start":{"line":17,"column":26},"end":{"line":17,"column":38}},"3":{"start":{"line":19,"column":4},"end":{"line":22,"column":5}},"4":{"start":{"line":20,"column":8},"end":{"line":20,"column":19}},"5":{"start":{"line":21,"column":8},"end":{"line":21,"column":15}},"6":{"start":{"line":24,"column":4},"end":{"line":26,"column":5}},"7":{"start":{"line":25,"column":8},"end":{"line":25,"column":37}},"8":{"start":{"line":28,"column":4},"end":{"line":28,"column":39}},"9":{"start":{"line":30,"column":4},"end":{"line":32,"column":7}},"10":{"start":{"line":31,"column":8},"end":{"line":31,"column":82}},"11":{"start":{"line":31,"column":70},"end":{"line":31,"column":80}},"12":{"start":{"line":47,"column":64},"end":{"line":47,"column":76}},"13":{"start":{"line":49,"column":4},"end":{"line":52,"column":5}},"14":{"start":{"line":50,"column":8},"end":{"line":50,"column":89}},"15":{"start":{"line":51,"column":8},"end":{"line":51,"column":15}},"16":{"start":{"line":54,"column":18},"end":{"line":54,"column":78}},"17":{"start":{"line":56,"column":30},"end":{"line":62,"column":6}},"18":{"start":{"line":64,"column":4},"end":{"line":64,"column":35}},"19":{"start":{"line":67,"column":4},"end":{"line":84,"column":5}},"20":{"start":{"line":68,"column":8},"end":{"line":83,"column":11}},"21":{"start":{"line":69,"column":12},"end":{"line":69,"column":47}},"22":{"start":{"line":69,"column":34},"end":{"line":69,"column":47}},"23":{"start":{"line":70,"column":12},"end":{"line":81,"column":13}},"24":{"start":{"line":71,"column":16},"end":{"line":77,"column":19}},"25":{"start":{"line":79,"column":16},"end":{"line":79,"column":69}},"26":{"start":{"line":80,"column":16},"end":{"line":80,"column":29}},"27":{"start":{"line":82,"column":12},"end":{"line":82,"column":24}},"28":{"start":{"line":93,"column":4},"end":{"line":95,"column":5}},"29":{"start":{"line":94,"column":8},"end":{"line":94,"column":37}},"30":{"start":{"line":98,"column":0},"end":{"line":102,"column":2}}},"fnMap":{"0":{"name":"streamNotificaciones","decl":{"start":{"line":16,"column":9},"end":{"line":16,"column":29}},"loc":{"start":{"line":16,"column":36},"end":{"line":33,"column":1}},"line":16},"1":{"name":"(anonymous_1)","decl":{"start":{"line":30,"column":25},"end":{"line":30,"column":26}},"loc":{"start":{"line":30,"column":31},"end":{"line":32,"column":5}},"line":30},"2":{"name":"(anonymous_2)","decl":{"start":{"line":31,"column":65},"end":{"line":31,"column":66}},"loc":{"start":{"line":31,"column":70},"end":{"line":31,"column":80}},"line":31},"3":{"name":"emitirNotificacion","decl":{"start":{"line":46,"column":15},"end":{"line":46,"column":33}},"loc":{"start":{"line":46,"column":48},"end":{"line":85,"column":1}},"line":46},"4":{"name":"(anonymous_4)","decl":{"start":{"line":68,"column":65},"end":{"line":68,"column":66}},"loc":{"start":{"line":68,"column":75},"end":{"line":83,"column":9}},"line":68},"5":{"name":"__setSuscriptores","decl":{"start":{"line":92,"column":9},"end":{"line":92,"column":26}},"loc":{"start":{"line":92,"column":32},"end":{"line":96,"column":1}},"line":92}},"branchMap":{"0":{"loc":{"start":{"line":19,"column":4},"end":{"line":22,"column":5}},"type":"if","locations":[{"start":{"line":19,"column":4},"end":{"line":22,"column":5}},{"start":{},"end":{}}],"line":19},"1":{"loc":{"start":{"line":24,"column":4},"end":{"line":26,"column":5}},"type":"if","locations":[{"start":{"line":24,"column":4},"end":{"line":26,"column":5}},{"start":{},"end":{}}],"line":24},"2":{"loc":{"start":{"line":47,"column":38},"end":{"line":47,"column":59}},"type":"default-arg","locations":[{"start":{"line":47,"column":57},"end":{"line":47,"column":59}}],"line":47},"3":{"loc":{"start":{"line":49,"column":4},"end":{"line":52,"column":5}},"type":"if","locations":[{"start":{"line":49,"column":4},"end":{"line":52,"column":5}},{"start":{},"end":{}}],"line":49},"4":{"loc":{"start":{"line":49,"column":8},"end":{"line":49,"column":39}},"type":"binary-expr","locations":[{"start":{"line":49,"column":8},"end":{"line":49,"column":18}},{"start":{"line":49,"column":22},"end":{"line":49,"column":27}},{"start":{"line":49,"column":31},"end":{"line":49,"column":39}}],"line":49},"5":{"loc":{"start":{"line":54,"column":18},"end":{"line":54,"column":78}},"type":"cond-expr","locations":[{"start":{"line":54,"column":57},"end":{"line":54,"column":73}},{"start":{"line":54,"column":76},"end":{"line":54,"column":78}}],"line":54},"6":{"loc":{"start":{"line":67,"column":4},"end":{"line":84,"column":5}},"type":"if","locations":[{"start":{"line":67,"column":4},"end":{"line":84,"column":5}},{"start":{},"end":{}}],"line":67},"7":{"loc":{"start":{"line":69,"column":12},"end":{"line":69,"column":47}},"type":"if","locations":[{"start":{"line":69,"column":12},"end":{"line":69,"column":47}},{"start":{},"end":{}}],"line":69}},"s":{"0":1,"1":1,"2":0,"3":0,"4":0,"5":0,"6":0,"7":0,"8":0,"9":0,"10":0,"11":0,"12":1,"13":1,"14":0,"15":0,"16":1,"17":1,"18":1,"19":1,"20":0,"21":0,"22":0,"23":0,"24":0,"25":0,"26":0,"27":0,"28":1,"29":0,"30":1},"f":{"0":0,"1":0,"2":0,"3":1,"4":0,"5":1},"b":{"0":[0,0],"1":[0,0],"2":[0],"3":[0,1],"4":[1,1,1],"5":[1,0],"6":[0,1],"7":[0,0]},"_coverageSchema":"1a1c01bbd47fc00a2c39e90264f33305004495a9","hash":"93edc4554b8632ffb8015037f22b48e9607f2cb6"}
,"C:\\Users\\Usuariio\\TeamExoApp\\servicios\\serviciosgRPC\\grcpReaccion\\controladores\\ReaccionGRPC.js": {"path":"C:\\Users\\Usuariio\\TeamExoApp\\servicios\\serviciosgRPC\\grcpReaccion\\controladores\\ReaccionGRPC.js","statementMap":{"0":{"start":{"line":7,"column":21},"end":{"line":7,"column":23}},"1":{"start":{"line":19,"column":30},"end":{"line":19,"column":42}},"2":{"start":{"line":21,"column":4},"end":{"line":24,"column":5}},"3":{"start":{"line":22,"column":8},"end":{"line":22,"column":19}},"4":{"start":{"line":23,"column":8},"end":{"line":23,"column":15}},"5":{"start":{"line":26,"column":4},"end":{"line":28,"column":5}},"6":{"start":{"line":27,"column":8},"end":{"line":27,"column":41}},"7":{"start":{"line":30,"column":4},"end":{"line":30,"column":43}},"8":{"start":{"line":33,"column":4},"end":{"line":35,"column":7}},"9":{"start":{"line":34,"column":8},"end":{"line":34,"column":90}},"10":{"start":{"line":34,"column":78},"end":{"line":34,"column":88}},"11":{"start":{"line":45,"column":78},"end":{"line":45,"column":86}},"12":{"start":{"line":47,"column":4},"end":{"line":50,"column":5}},"13":{"start":{"line":48,"column":8},"end":{"line":48,"column":56}},"14":{"start":{"line":49,"column":8},"end":{"line":49,"column":15}},"15":{"start":{"line":52,"column":25},"end":{"line":57,"column":5}},"16":{"start":{"line":59,"column":4},"end":{"line":59,"column":45}},"17":{"start":{"line":59,"column":38},"end":{"line":59,"column":45}},"18":{"start":{"line":62,"column":4},"end":{"line":71,"column":7}},"19":{"start":{"line":63,"column":8},"end":{"line":63,"column":43}},"20":{"start":{"line":63,"column":30},"end":{"line":63,"column":43}},"21":{"start":{"line":64,"column":8},"end":{"line":69,"column":9}},"22":{"start":{"line":65,"column":12},"end":{"line":65,"column":39}},"23":{"start":{"line":67,"column":12},"end":{"line":67,"column":74}},"24":{"start":{"line":68,"column":12},"end":{"line":68,"column":25}},"25":{"start":{"line":70,"column":8},"end":{"line":70,"column":20}},"26":{"start":{"line":81,"column":4},"end":{"line":83,"column":5}},"27":{"start":{"line":82,"column":8},"end":{"line":82,"column":37}},"28":{"start":{"line":86,"column":0},"end":{"line":90,"column":2}}},"fnMap":{"0":{"name":"streamReacciones","decl":{"start":{"line":18,"column":9},"end":{"line":18,"column":25}},"loc":{"start":{"line":18,"column":32},"end":{"line":36,"column":1}},"line":18},"1":{"name":"(anonymous_1)","decl":{"start":{"line":33,"column":25},"end":{"line":33,"column":26}},"loc":{"start":{"line":33,"column":31},"end":{"line":35,"column":5}},"line":33},"2":{"name":"(anonymous_2)","decl":{"start":{"line":34,"column":73},"end":{"line":34,"column":74}},"loc":{"start":{"line":34,"column":78},"end":{"line":34,"column":88}},"line":34},"3":{"name":"emitirReaccion","decl":{"start":{"line":44,"column":9},"end":{"line":44,"column":23}},"loc":{"start":{"line":44,"column":34},"end":{"line":72,"column":1}},"line":44},"4":{"name":"(anonymous_4)","decl":{"start":{"line":62,"column":69},"end":{"line":62,"column":70}},"loc":{"start":{"line":62,"column":79},"end":{"line":71,"column":5}},"line":62},"5":{"name":"__setSuscriptores","decl":{"start":{"line":80,"column":9},"end":{"line":80,"column":26}},"loc":{"start":{"line":80,"column":32},"end":{"line":84,"column":1}},"line":80}},"branchMap":{"0":{"loc":{"start":{"line":21,"column":4},"end":{"line":24,"column":5}},"type":"if","locations":[{"start":{"line":21,"column":4},"end":{"line":24,"column":5}},{"start":{},"end":{}}],"line":21},"1":{"loc":{"start":{"line":26,"column":4},"end":{"line":28,"column":5}},"type":"if","locations":[{"start":{"line":26,"column":4},"end":{"line":28,"column":5}},{"start":{},"end":{}}],"line":26},"2":{"loc":{"start":{"line":45,"column":44},"end":{"line":45,"column":73}},"type":"default-arg","locations":[{"start":{"line":45,"column":60},"end":{"line":45,"column":73}}],"line":45},"3":{"loc":{"start":{"line":47,"column":4},"end":{"line":50,"column":5}},"type":"if","locations":[{"start":{"line":47,"column":4},"end":{"line":50,"column":5}},{"start":{},"end":{}}],"line":47},"4":{"loc":{"start":{"line":47,"column":8},"end":{"line":47,"column":45}},"type":"binary-expr","locations":[{"start":{"line":47,"column":8},"end":{"line":47,"column":13}},{"start":{"line":47,"column":17},"end":{"line":47,"column":27}},{"start":{"line":47,"column":31},"end":{"line":47,"column":45}}],"line":47},"5":{"loc":{"start":{"line":59,"column":4},"end":{"line":59,"column":45}},"type":"if","locations":[{"start":{"line":59,"column":4},"end":{"line":59,"column":45}},{"start":{},"end":{}}],"line":59},"6":{"loc":{"start":{"line":63,"column":8},"end":{"line":63,"column":43}},"type":"if","locations":[{"start":{"line":63,"column":8},"end":{"line":63,"column":43}},{"start":{},"end":{}}],"line":63}},"s":{"0":30,"1":0,"2":0,"3":0,"4":0,"5":0,"6":0,"7":0,"8":0,"9":0,"10":0,"11":2,"12":2,"13":1,"14":1,"15":1,"16":1,"17":0,"18":1,"19":1,"20":0,"21":1,"22":1,"23":0,"24":0,"25":1,"26":1,"27":1,"28":30},"f":{"0":0,"1":0,"2":0,"3":2,"4":1,"5":1},"b":{"0":[0,0],"1":[0,0],"2":[1],"3":[1,1],"4":[2,2,1],"5":[0,1],"6":[0,1]},"_coverageSchema":"1a1c01bbd47fc00a2c39e90264f33305004495a9","hash":"d9a856a1417768cac1b695bc2f79453fb4aaddcf"}
,"C:\\Users\\Usuariio\\TeamExoApp\\servicios\\serviciosgRPC\\grcpRecurso\\Recurso.js": {"path":"C:\\Users\\Usuariio\\TeamExoApp\\servicios\\serviciosgRPC\\grcpRecurso\\Recurso.js","statementMap":{"0":{"start":{"line":1,"column":13},"end":{"line":1,"column":37}},"1":{"start":{"line":2,"column":20},"end":{"line":2,"column":49}},"2":{"start":{"line":3,"column":13},"end":{"line":3,"column":28}},"3":{"start":{"line":4,"column":17},"end":{"line":4,"column":36}},"4":{"start":{"line":5,"column":43},"end":{"line":5,"column":81}},"5":{"start":{"line":6,"column":22},"end":{"line":6,"column":41}},"6":{"start":{"line":11,"column":23},"end":{"line":11,"column":62}},"7":{"start":{"line":12,"column":30},"end":{"line":12,"column":66}},"8":{"start":{"line":13,"column":23},"end":{"line":13,"column":68}},"9":{"start":{"line":14,"column":18},"end":{"line":14,"column":36}},"10":{"start":{"line":16,"column":4},"end":{"line":19,"column":7}},"11":{"start":{"line":21,"column":4},"end":{"line":24,"column":7}},"12":{"start":{"line":26,"column":4},"end":{"line":26,"column":21}},"13":{"start":{"line":30,"column":4},"end":{"line":30,"column":38}},"14":{"start":{"line":31,"column":4},"end":{"line":31,"column":23}},"15":{"start":{"line":33,"column":4},"end":{"line":40,"column":7}},"16":{"start":{"line":34,"column":8},"end":{"line":39,"column":11}},"17":{"start":{"line":35,"column":12},"end":{"line":35,"column":40}},"18":{"start":{"line":35,"column":21},"end":{"line":35,"column":40}},"19":{"start":{"line":36,"column":12},"end":{"line":36,"column":31}},"20":{"start":{"line":37,"column":12},"end":{"line":37,"column":80}},"21":{"start":{"line":38,"column":12},"end":{"line":38,"column":22}},"22":{"start":{"line":44,"column":4},"end":{"line":44,"column":47}},"23":{"start":{"line":44,"column":20},"end":{"line":44,"column":47}},"24":{"start":{"line":47,"column":0},"end":{"line":47,"column":53}}},"fnMap":{"0":{"name":"createGrpcServer","decl":{"start":{"line":10,"column":9},"end":{"line":10,"column":25}},"loc":{"start":{"line":10,"column":28},"end":{"line":27,"column":1}},"line":10},"1":{"name":"startGrpcServer","decl":{"start":{"line":29,"column":15},"end":{"line":29,"column":30}},"loc":{"start":{"line":29,"column":33},"end":{"line":41,"column":1}},"line":29},"2":{"name":"(anonymous_2)","decl":{"start":{"line":33,"column":23},"end":{"line":33,"column":24}},"loc":{"start":{"line":33,"column":44},"end":{"line":40,"column":5}},"line":33},"3":{"name":"(anonymous_3)","decl":{"start":{"line":34,"column":86},"end":{"line":34,"column":87}},"loc":{"start":{"line":34,"column":101},"end":{"line":39,"column":9}},"line":34},"4":{"name":"stopGrpcServer","decl":{"start":{"line":43,"column":9},"end":{"line":43,"column":23}},"loc":{"start":{"line":43,"column":26},"end":{"line":45,"column":1}},"line":43}},"branchMap":{"0":{"loc":{"start":{"line":35,"column":12},"end":{"line":35,"column":40}},"type":"if","locations":[{"start":{"line":35,"column":12},"end":{"line":35,"column":40}},{"start":{},"end":{}}],"line":35},"1":{"loc":{"start":{"line":44,"column":4},"end":{"line":44,"column":47}},"type":"if","locations":[{"start":{"line":44,"column":4},"end":{"line":44,"column":47}},{"start":{},"end":{}}],"line":44}},"s":{"0":3,"1":3,"2":3,"3":3,"4":3,"5":3,"6":2,"7":2,"8":2,"9":2,"10":2,"11":2,"12":2,"13":2,"14":2,"15":2,"16":2,"17":2,"18":0,"19":2,"20":2,"21":2,"22":2,"23":2,"24":3},"f":{"0":2,"1":2,"2":2,"3":2,"4":2},"b":{"0":[0,2],"1":[2,0]},"_coverageSchema":"1a1c01bbd47fc00a2c39e90264f33305004495a9","hash":"add3a667ba14327a5c0d4dca5309c65baf488af9"}
,"C:\\Users\\Usuariio\\TeamExoApp\\servicios\\serviciosgRPC\\grcpRecurso\\config.js": {"path":"C:\\Users\\Usuariio\\TeamExoApp\\servicios\\serviciosgRPC\\grcpRecurso\\config.js","statementMap":{"0":{"start":{"line":1,"column":15},"end":{"line":1,"column":32}},"1":{"start":{"line":3,"column":0},"end":{"line":7,"column":1}},"2":{"start":{"line":4,"column":4},"end":{"line":4,"column":41}},"3":{"start":{"line":6,"column":4},"end":{"line":6,"column":20}},"4":{"start":{"line":9,"column":0},"end":{"line":13,"column":2}}},"fnMap":{},"branchMap":{"0":{"loc":{"start":{"line":3,"column":0},"end":{"line":7,"column":1}},"type":"if","locations":[{"start":{"line":3,"column":0},"end":{"line":7,"column":1}},{"start":{"line":5,"column":7},"end":{"line":7,"column":1}}],"line":3}},"s":{"0":3,"1":3,"2":3,"3":0,"4":3},"f":{},"b":{"0":[3,0]},"_coverageSchema":"1a1c01bbd47fc00a2c39e90264f33305004495a9","hash":"e5650963f5be27df3e4f0e6c1f404b3624bff8ac"}
,"C:\\Users\\Usuariio\\TeamExoApp\\servicios\\serviciosgRPC\\grcpRecurso\\controladores\\RecursoGRPC.js": {"path":"C:\\Users\\Usuariio\\TeamExoApp\\servicios\\serviciosgRPC\\grcpRecurso\\controladores\\RecursoGRPC.js","statementMap":{"0":{"start":{"line":1,"column":40},"end":{"line":1,"column":82}},"1":{"start":{"line":2,"column":11},"end":{"line":2,"column":24}},"2":{"start":{"line":3,"column":13},"end":{"line":3,"column":28}},"3":{"start":{"line":4,"column":13},"end":{"line":4,"column":37}},"4":{"start":{"line":5,"column":0},"end":{"line":5,"column":27}},"5":{"start":{"line":7,"column":21},"end":{"line":106,"column":1}},"6":{"start":{"line":18,"column":8},"end":{"line":18,"column":20}},"7":{"start":{"line":20,"column":4},"end":{"line":105,"column":5}},"8":{"start":{"line":22,"column":8},"end":{"line":27,"column":9}},"9":{"start":{"line":23,"column":12},"end":{"line":26,"column":15}},"10":{"start":{"line":29,"column":27},"end":{"line":29,"column":73}},"11":{"start":{"line":30,"column":8},"end":{"line":32,"column":9}},"12":{"start":{"line":31,"column":12},"end":{"line":31,"column":58}},"13":{"start":{"line":34,"column":24},"end":{"line":36,"column":48}},"14":{"start":{"line":38,"column":30},"end":{"line":38,"column":69}},"15":{"start":{"line":39,"column":28},"end":{"line":39,"column":64}},"16":{"start":{"line":40,"column":8},"end":{"line":40,"column":47}},"17":{"start":{"line":41,"column":8},"end":{"line":46,"column":9}},"18":{"start":{"line":42,"column":12},"end":{"line":45,"column":15}},"19":{"start":{"line":48,"column":26},"end":{"line":48,"column":76}},"20":{"start":{"line":49,"column":20},"end":{"line":49,"column":59}},"21":{"start":{"line":53,"column":8},"end":{"line":91,"column":9}},"22":{"start":{"line":55,"column":16},"end":{"line":63,"column":19}},"23":{"start":{"line":64,"column":16},"end":{"line":64,"column":22}},"24":{"start":{"line":66,"column":16},"end":{"line":74,"column":19}},"25":{"start":{"line":75,"column":16},"end":{"line":75,"column":22}},"26":{"start":{"line":77,"column":16},"end":{"line":85,"column":19}},"27":{"start":{"line":86,"column":16},"end":{"line":86,"column":22}},"28":{"start":{"line":87,"column":16},"end":{"line":90,"column":19}},"29":{"start":{"line":93,"column":8},"end":{"line":93,"column":29}},"30":{"start":{"line":95,"column":8},"end":{"line":98,"column":11}},"31":{"start":{"line":101,"column":8},"end":{"line":104,"column":11}},"32":{"start":{"line":108,"column":25},"end":{"line":142,"column":1}},"33":{"start":{"line":109,"column":36},"end":{"line":109,"column":48}},"34":{"start":{"line":111,"column":4},"end":{"line":141,"column":5}},"35":{"start":{"line":112,"column":24},"end":{"line":114,"column":48}},"36":{"start":{"line":116,"column":30},"end":{"line":116,"column":69}},"37":{"start":{"line":117,"column":28},"end":{"line":117,"column":68}},"38":{"start":{"line":120,"column":8},"end":{"line":120,"column":57}},"39":{"start":{"line":122,"column":8},"end":{"line":127,"column":9}},"40":{"start":{"line":123,"column":12},"end":{"line":126,"column":15}},"41":{"start":{"line":129,"column":24},"end":{"line":129,"column":52}},"42":{"start":{"line":131,"column":8},"end":{"line":135,"column":11}},"43":{"start":{"line":137,"column":8},"end":{"line":140,"column":11}},"44":{"start":{"line":144,"column":0},"end":{"line":144,"column":52}}},"fnMap":{"0":{"name":"(anonymous_0)","decl":{"start":{"line":7,"column":21},"end":{"line":7,"column":22}},"loc":{"start":{"line":7,"column":47},"end":{"line":106,"column":1}},"line":7},"1":{"name":"(anonymous_1)","decl":{"start":{"line":108,"column":25},"end":{"line":108,"column":26}},"loc":{"start":{"line":108,"column":51},"end":{"line":142,"column":1}},"line":108}},"branchMap":{"0":{"loc":{"start":{"line":22,"column":8},"end":{"line":27,"column":9}},"type":"if","locations":[{"start":{"line":22,"column":8},"end":{"line":27,"column":9}},{"start":{},"end":{}}],"line":22},"1":{"loc":{"start":{"line":22,"column":12},"end":{"line":22,"column":39}},"type":"binary-expr","locations":[{"start":{"line":22,"column":12},"end":{"line":22,"column":20}},{"start":{"line":22,"column":24},"end":{"line":22,"column":39}}],"line":22},"2":{"loc":{"start":{"line":30,"column":8},"end":{"line":32,"column":9}},"type":"if","locations":[{"start":{"line":30,"column":8},"end":{"line":32,"column":9}},{"start":{},"end":{}}],"line":30},"3":{"loc":{"start":{"line":34,"column":24},"end":{"line":36,"column":48}},"type":"cond-expr","locations":[{"start":{"line":34,"column":42},"end":{"line":34,"column":47}},{"start":{"line":35,"column":12},"end":{"line":36,"column":48}}],"line":34},"4":{"loc":{"start":{"line":35,"column":12},"end":{"line":36,"column":48}},"type":"cond-expr","locations":[{"start":{"line":35,"column":31},"end":{"line":35,"column":36}},{"start":{"line":36,"column":16},"end":{"line":36,"column":48}}],"line":35},"5":{"loc":{"start":{"line":36,"column":16},"end":{"line":36,"column":48}},"type":"cond-expr","locations":[{"start":{"line":36,"column":35},"end":{"line":36,"column":40}},{"start":{"line":36,"column":43},"end":{"line":36,"column":48}}],"line":36},"6":{"loc":{"start":{"line":41,"column":8},"end":{"line":46,"column":9}},"type":"if","locations":[{"start":{"line":41,"column":8},"end":{"line":46,"column":9}},{"start":{},"end":{}}],"line":41},"7":{"loc":{"start":{"line":48,"column":26},"end":{"line":48,"column":76}},"type":"binary-expr","locations":[{"start":{"line":48,"column":26},"end":{"line":48,"column":49}},{"start":{"line":48,"column":53},"end":{"line":48,"column":76}}],"line":48},"8":{"loc":{"start":{"line":53,"column":8},"end":{"line":91,"column":9}},"type":"switch","locations":[{"start":{"line":54,"column":12},"end":{"line":64,"column":22}},{"start":{"line":65,"column":12},"end":{"line":75,"column":22}},{"start":{"line":76,"column":12},"end":{"line":90,"column":19}}],"line":53},"9":{"loc":{"start":{"line":112,"column":24},"end":{"line":114,"column":48}},"type":"cond-expr","locations":[{"start":{"line":112,"column":42},"end":{"line":112,"column":47}},{"start":{"line":113,"column":12},"end":{"line":114,"column":48}}],"line":112},"10":{"loc":{"start":{"line":113,"column":12},"end":{"line":114,"column":48}},"type":"cond-expr","locations":[{"start":{"line":113,"column":31},"end":{"line":113,"column":36}},{"start":{"line":114,"column":16},"end":{"line":114,"column":48}}],"line":113},"11":{"loc":{"start":{"line":114,"column":16},"end":{"line":114,"column":48}},"type":"cond-expr","locations":[{"start":{"line":114,"column":35},"end":{"line":114,"column":40}},{"start":{"line":114,"column":43},"end":{"line":114,"column":48}}],"line":114},"12":{"loc":{"start":{"line":122,"column":8},"end":{"line":127,"column":9}},"type":"if","locations":[{"start":{"line":122,"column":8},"end":{"line":127,"column":9}},{"start":{},"end":{}}],"line":122}},"s":{"0":3,"1":3,"2":3,"3":3,"4":3,"5":3,"6":8,"7":8,"8":8,"9":0,"10":8,"11":8,"12":0,"13":8,"14":8,"15":8,"16":8,"17":8,"18":0,"19":8,"20":8,"21":8,"22":3,"23":3,"24":2,"25":2,"26":2,"27":2,"28":0,"29":8,"30":7,"31":1,"32":3,"33":2,"34":2,"35":2,"36":2,"37":2,"38":2,"39":2,"40":2,"41":0,"42":0,"43":0,"44":3},"f":{"0":8,"1":2},"b":{"0":[0,8],"1":[8,8],"2":[0,8],"3":[3,5],"4":[2,3],"5":[2,1],"6":[0,8],"7":[8,0],"8":[3,2,2],"9":[2,0],"10":[0,0],"11":[0,0],"12":[2,0]},"_coverageSchema":"1a1c01bbd47fc00a2c39e90264f33305004495a9","hash":"d24a125250e5b3fe7ee192fe492ef082f5136df1"}
,"C:\\Users\\Usuariio\\TeamExoApp\\servicios\\serviciosgRPC\\grcpUsuario\\Usuario.js": {"path":"C:\\Users\\Usuariio\\TeamExoApp\\servicios\\serviciosgRPC\\grcpUsuario\\Usuario.js","statementMap":{"0":{"start":{"line":1,"column":13},"end":{"line":1,"column":37}},"1":{"start":{"line":2,"column":20},"end":{"line":2,"column":49}},"2":{"start":{"line":3,"column":13},"end":{"line":3,"column":28}},"3":{"start":{"line":4,"column":17},"end":{"line":4,"column":36}},"4":{"start":{"line":5,"column":26},"end":{"line":5,"column":64}},"5":{"start":{"line":6,"column":22},"end":{"line":6,"column":41}},"6":{"start":{"line":11,"column":23},"end":{"line":11,"column":62}},"7":{"start":{"line":12,"column":30},"end":{"line":12,"column":66}},"8":{"start":{"line":13,"column":23},"end":{"line":13,"column":68}},"9":{"start":{"line":14,"column":18},"end":{"line":14,"column":36}},"10":{"start":{"line":15,"column":4},"end":{"line":15,"column":35}},"11":{"start":{"line":16,"column":4},"end":{"line":19,"column":7}},"12":{"start":{"line":21,"column":4},"end":{"line":21,"column":21}},"13":{"start":{"line":25,"column":4},"end":{"line":25,"column":38}},"14":{"start":{"line":27,"column":4},"end":{"line":27,"column":23}},"15":{"start":{"line":29,"column":4},"end":{"line":35,"column":7}},"16":{"start":{"line":30,"column":8},"end":{"line":34,"column":11}},"17":{"start":{"line":31,"column":12},"end":{"line":31,"column":40}},"18":{"start":{"line":31,"column":21},"end":{"line":31,"column":40}},"19":{"start":{"line":32,"column":12},"end":{"line":32,"column":31}},"20":{"start":{"line":33,"column":12},"end":{"line":33,"column":22}},"21":{"start":{"line":39,"column":4},"end":{"line":39,"column":47}},"22":{"start":{"line":39,"column":20},"end":{"line":39,"column":47}},"23":{"start":{"line":42,"column":0},"end":{"line":42,"column":53}}},"fnMap":{"0":{"name":"createGrpcServer","decl":{"start":{"line":10,"column":9},"end":{"line":10,"column":25}},"loc":{"start":{"line":10,"column":28},"end":{"line":22,"column":1}},"line":10},"1":{"name":"startGrpcServer","decl":{"start":{"line":24,"column":15},"end":{"line":24,"column":30}},"loc":{"start":{"line":24,"column":33},"end":{"line":36,"column":1}},"line":24},"2":{"name":"(anonymous_2)","decl":{"start":{"line":29,"column":23},"end":{"line":29,"column":24}},"loc":{"start":{"line":29,"column":44},"end":{"line":35,"column":5}},"line":29},"3":{"name":"(anonymous_3)","decl":{"start":{"line":30,"column":86},"end":{"line":30,"column":87}},"loc":{"start":{"line":30,"column":101},"end":{"line":34,"column":9}},"line":30},"4":{"name":"stopGrpcServer","decl":{"start":{"line":38,"column":9},"end":{"line":38,"column":23}},"loc":{"start":{"line":38,"column":26},"end":{"line":40,"column":1}},"line":38}},"branchMap":{"0":{"loc":{"start":{"line":31,"column":12},"end":{"line":31,"column":40}},"type":"if","locations":[{"start":{"line":31,"column":12},"end":{"line":31,"column":40}},{"start":{},"end":{}}],"line":31},"1":{"loc":{"start":{"line":39,"column":4},"end":{"line":39,"column":47}},"type":"if","locations":[{"start":{"line":39,"column":4},"end":{"line":39,"column":47}},{"start":{},"end":{}}],"line":39}},"s":{"0":1,"1":1,"2":1,"3":1,"4":1,"5":1,"6":1,"7":1,"8":1,"9":1,"10":1,"11":1,"12":1,"13":1,"14":1,"15":1,"16":1,"17":1,"18":1,"19":0,"20":0,"21":1,"22":1,"23":1},"f":{"0":1,"1":1,"2":1,"3":1,"4":1},"b":{"0":[1,0],"1":[1,0]},"_coverageSchema":"1a1c01bbd47fc00a2c39e90264f33305004495a9","hash":"6ac74e5c86829d835be7b4d45975bfde0f4b87cc"}
,"C:\\Users\\Usuariio\\TeamExoApp\\servicios\\serviciosgRPC\\grcpUsuario\\config.js": {"path":"C:\\Users\\Usuariio\\TeamExoApp\\servicios\\serviciosgRPC\\grcpUsuario\\config.js","statementMap":{"0":{"start":{"line":1,"column":15},"end":{"line":1,"column":32}},"1":{"start":{"line":3,"column":0},"end":{"line":7,"column":1}},"2":{"start":{"line":4,"column":4},"end":{"line":4,"column":41}},"3":{"start":{"line":6,"column":4},"end":{"line":6,"column":20}},"4":{"start":{"line":9,"column":0},"end":{"line":13,"column":2}}},"fnMap":{},"branchMap":{"0":{"loc":{"start":{"line":3,"column":0},"end":{"line":7,"column":1}},"type":"if","locations":[{"start":{"line":3,"column":0},"end":{"line":7,"column":1}},{"start":{"line":5,"column":7},"end":{"line":7,"column":1}}],"line":3}},"s":{"0":1,"1":1,"2":1,"3":0,"4":1},"f":{},"b":{"0":[1,0]},"_coverageSchema":"1a1c01bbd47fc00a2c39e90264f33305004495a9","hash":"c4fd6225368264b1679af239f1183132a8305832"}
,"C:\\Users\\Usuariio\\TeamExoApp\\servicios\\serviciosgRPC\\grcpUsuario\\controladores\\UsuarioGRPC.js": {"path":"C:\\Users\\Usuariio\\TeamExoApp\\servicios\\serviciosgRPC\\grcpUsuario\\controladores\\UsuarioGRPC.js","statementMap":{"0":{"start":{"line":1,"column":16},"end":{"line":1,"column":58}},"1":{"start":{"line":2,"column":15},"end":{"line":2,"column":32}},"2":{"start":{"line":3,"column":12},"end":{"line":3,"column":35}},"3":{"start":{"line":4,"column":23},"end":{"line":4,"column":56}},"4":{"start":{"line":6,"column":14},"end":{"line":57,"column":1}},"5":{"start":{"line":7,"column":35},"end":{"line":7,"column":47}},"6":{"start":{"line":9,"column":4},"end":{"line":56,"column":5}},"7":{"start":{"line":10,"column":24},"end":{"line":10,"column":79}},"8":{"start":{"line":12,"column":8},"end":{"line":21,"column":9}},"9":{"start":{"line":13,"column":12},"end":{"line":20,"column":15}},"10":{"start":{"line":23,"column":33},"end":{"line":23,"column":85}},"11":{"start":{"line":25,"column":8},"end":{"line":34,"column":9}},"12":{"start":{"line":26,"column":12},"end":{"line":33,"column":15}},"13":{"start":{"line":36,"column":22},"end":{"line":40,"column":9}},"14":{"start":{"line":42,"column":8},"end":{"line":49,"column":11}},"15":{"start":{"line":52,"column":8},"end":{"line":55,"column":11}},"16":{"start":{"line":59,"column":0},"end":{"line":59,"column":27}}},"fnMap":{"0":{"name":"(anonymous_0)","decl":{"start":{"line":6,"column":14},"end":{"line":6,"column":15}},"loc":{"start":{"line":6,"column":40},"end":{"line":57,"column":1}},"line":6}},"branchMap":{"0":{"loc":{"start":{"line":12,"column":8},"end":{"line":21,"column":9}},"type":"if","locations":[{"start":{"line":12,"column":8},"end":{"line":21,"column":9}},{"start":{},"end":{}}],"line":12},"1":{"loc":{"start":{"line":25,"column":8},"end":{"line":34,"column":9}},"type":"if","locations":[{"start":{"line":25,"column":8},"end":{"line":34,"column":9}},{"start":{},"end":{}}],"line":25},"2":{"loc":{"start":{"line":38,"column":12},"end":{"line":38,"column":35}},"type":"binary-expr","locations":[{"start":{"line":38,"column":12},"end":{"line":38,"column":22}},{"start":{"line":38,"column":26},"end":{"line":38,"column":35}}],"line":38}},"s":{"0":1,"1":1,"2":1,"3":1,"4":1,"5":0,"6":0,"7":0,"8":0,"9":0,"10":0,"11":0,"12":0,"13":0,"14":0,"15":0,"16":1},"f":{"0":0},"b":{"0":[0,0],"1":[0,0],"2":[0,0]},"_coverageSchema":"1a1c01bbd47fc00a2c39e90264f33305004495a9","hash":"6683d663fb620711a79f38e848e4dc81f8233acb"}
,"C:\\Users\\Usuariio\\TeamExoApp\\src\\app.js": {"path":"C:\\Users\\Usuariio\\TeamExoApp\\src\\app.js","statementMap":{"0":{"start":{"line":1,"column":16},"end":{"line":1,"column":34}},"1":{"start":{"line":2,"column":13},"end":{"line":2,"column":28}},"2":{"start":{"line":5,"column":12},"end":{"line":5,"column":21}},"3":{"start":{"line":6,"column":0},"end":{"line":6,"column":24}},"4":{"start":{"line":8,"column":0},"end":{"line":11,"column":1}},"5":{"start":{"line":9,"column":39},"end":{"line":9,"column":92}},"6":{"start":{"line":10,"column":4},"end":{"line":10,"column":72}},"7":{"start":{"line":14,"column":0},"end":{"line":14,"column":68}},"8":{"start":{"line":15,"column":0},"end":{"line":15,"column":72}},"9":{"start":{"line":16,"column":0},"end":{"line":16,"column":66}},"10":{"start":{"line":18,"column":0},"end":{"line":18,"column":68}},"11":{"start":{"line":19,"column":0},"end":{"line":19,"column":71}},"12":{"start":{"line":20,"column":0},"end":{"line":20,"column":74}},"13":{"start":{"line":23,"column":0},"end":{"line":23,"column":77}},"14":{"start":{"line":24,"column":0},"end":{"line":24,"column":79}},"15":{"start":{"line":25,"column":0},"end":{"line":25,"column":76}},"16":{"start":{"line":28,"column":0},"end":{"line":28,"column":21}}},"fnMap":{},"branchMap":{"0":{"loc":{"start":{"line":8,"column":0},"end":{"line":11,"column":1}},"type":"if","locations":[{"start":{"line":8,"column":0},"end":{"line":11,"column":1}},{"start":{},"end":{}}],"line":8}},"s":{"0":29,"1":29,"2":29,"3":29,"4":29,"5":0,"6":0,"7":29,"8":29,"9":29,"10":29,"11":29,"12":29,"13":29,"14":29,"15":29,"16":29},"f":{},"b":{"0":[0,29]},"_coverageSchema":"1a1c01bbd47fc00a2c39e90264f33305004495a9","hash":"d77b36e5dd0e9db1dca38a2dff7b092f7c55d7f4"}
,"C:\\Users\\Usuariio\\TeamExoApp\\src\\config.js": {"path":"C:\\Users\\Usuariio\\TeamExoApp\\src\\config.js","statementMap":{"0":{"start":{"line":1,"column":15},"end":{"line":1,"column":32}},"1":{"start":{"line":3,"column":0},"end":{"line":7,"column":1}},"2":{"start":{"line":4,"column":4},"end":{"line":4,"column":41}},"3":{"start":{"line":6,"column":4},"end":{"line":6,"column":20}},"4":{"start":{"line":9,"column":0},"end":{"line":13,"column":2}}},"fnMap":{},"branchMap":{"0":{"loc":{"start":{"line":3,"column":0},"end":{"line":7,"column":1}},"type":"if","locations":[{"start":{"line":3,"column":0},"end":{"line":7,"column":1}},{"start":{"line":5,"column":7},"end":{"line":7,"column":1}}],"line":3}},"s":{"0":30,"1":30,"2":30,"3":0,"4":30},"f":{},"b":{"0":[30,0]},"_coverageSchema":"1a1c01bbd47fc00a2c39e90264f33305004495a9","hash":"ec8bf142bbfefaea1b42e9453a51fcddf73c4939"}
,"C:\\Users\\Usuariio\\TeamExoApp\\src\\controladores\\Comentario.js": {"path":"C:\\Users\\Usuariio\\TeamExoApp\\src\\controladores\\Comentario.js","statementMap":{"0":{"start":{"line":1,"column":21},"end":{"line":1,"column":39}},"1":{"start":{"line":2,"column":19},"end":{"line":2,"column":51}},"2":{"start":{"line":3,"column":15},"end":{"line":3,"column":43}},"3":{"start":{"line":37,"column":24},"end":{"line":47,"column":1}},"4":{"start":{"line":38,"column":62},"end":{"line":38,"column":70}},"5":{"start":{"line":39,"column":4},"end":{"line":46,"column":5}},"6":{"start":{"line":40,"column":22},"end":{"line":40,"column":87}},"7":{"start":{"line":41,"column":8},"end":{"line":41,"column":27}},"8":{"start":{"line":42,"column":8},"end":{"line":42,"column":78}},"9":{"start":{"line":44,"column":8},"end":{"line":44,"column":68}},"10":{"start":{"line":45,"column":8},"end":{"line":45,"column":60}},"11":{"start":{"line":68,"column":41},"end":{"line":76,"column":1}},"12":{"start":{"line":69,"column":4},"end":{"line":75,"column":5}},"13":{"start":{"line":70,"column":28},"end":{"line":70,"column":93}},"14":{"start":{"line":71,"column":8},"end":{"line":71,"column":30}},"15":{"start":{"line":73,"column":8},"end":{"line":73,"column":71}},"16":{"start":{"line":74,"column":8},"end":{"line":74,"column":60}},"17":{"start":{"line":108,"column":29},"end":{"line":124,"column":1}},"18":{"start":{"line":109,"column":4},"end":{"line":123,"column":5}},"19":{"start":{"line":110,"column":26},"end":{"line":110,"column":34}},"20":{"start":{"line":111,"column":28},"end":{"line":115,"column":9}},"21":{"start":{"line":117,"column":8},"end":{"line":117,"column":91}},"22":{"start":{"line":117,"column":26},"end":{"line":117,"column":91}},"23":{"start":{"line":119,"column":8},"end":{"line":119,"column":77}},"24":{"start":{"line":121,"column":8},"end":{"line":121,"column":73}},"25":{"start":{"line":122,"column":8},"end":{"line":122,"column":60}},"26":{"start":{"line":147,"column":27},"end":{"line":157,"column":1}},"27":{"start":{"line":148,"column":4},"end":{"line":156,"column":5}},"28":{"start":{"line":149,"column":26},"end":{"line":149,"column":112}},"29":{"start":{"line":150,"column":8},"end":{"line":150,"column":89}},"30":{"start":{"line":150,"column":24},"end":{"line":150,"column":89}},"31":{"start":{"line":152,"column":8},"end":{"line":152,"column":87}},"32":{"start":{"line":154,"column":8},"end":{"line":154,"column":71}},"33":{"start":{"line":155,"column":8},"end":{"line":155,"column":60}},"34":{"start":{"line":159,"column":0},"end":{"line":164,"column":2}}},"fnMap":{"0":{"name":"(anonymous_0)","decl":{"start":{"line":37,"column":24},"end":{"line":37,"column":25}},"loc":{"start":{"line":37,"column":55},"end":{"line":47,"column":1}},"line":37},"1":{"name":"(anonymous_1)","decl":{"start":{"line":68,"column":41},"end":{"line":68,"column":42}},"loc":{"start":{"line":68,"column":72},"end":{"line":76,"column":1}},"line":68},"2":{"name":"(anonymous_2)","decl":{"start":{"line":108,"column":29},"end":{"line":108,"column":30}},"loc":{"start":{"line":108,"column":60},"end":{"line":124,"column":1}},"line":108},"3":{"name":"(anonymous_3)","decl":{"start":{"line":147,"column":27},"end":{"line":147,"column":28}},"loc":{"start":{"line":147,"column":58},"end":{"line":157,"column":1}},"line":147}},"branchMap":{"0":{"loc":{"start":{"line":37,"column":36},"end":{"line":37,"column":50}},"type":"default-arg","locations":[{"start":{"line":37,"column":42},"end":{"line":37,"column":50}}],"line":37},"1":{"loc":{"start":{"line":68,"column":53},"end":{"line":68,"column":67}},"type":"default-arg","locations":[{"start":{"line":68,"column":59},"end":{"line":68,"column":67}}],"line":68},"2":{"loc":{"start":{"line":108,"column":41},"end":{"line":108,"column":55}},"type":"default-arg","locations":[{"start":{"line":108,"column":47},"end":{"line":108,"column":55}}],"line":108},"3":{"loc":{"start":{"line":117,"column":8},"end":{"line":117,"column":91}},"type":"if","locations":[{"start":{"line":117,"column":8},"end":{"line":117,"column":91}},{"start":{},"end":{}}],"line":117},"4":{"loc":{"start":{"line":147,"column":39},"end":{"line":147,"column":53}},"type":"default-arg","locations":[{"start":{"line":147,"column":45},"end":{"line":147,"column":53}}],"line":147},"5":{"loc":{"start":{"line":150,"column":8},"end":{"line":150,"column":89}},"type":"if","locations":[{"start":{"line":150,"column":8},"end":{"line":150,"column":89}},{"start":{},"end":{}}],"line":150}},"s":{"0":29,"1":29,"2":29,"3":29,"4":2,"5":2,"6":2,"7":2,"8":0,"9":1,"10":1,"11":29,"12":1,"13":1,"14":0,"15":1,"16":1,"17":29,"18":4,"19":4,"20":4,"21":3,"22":3,"23":0,"24":1,"25":1,"26":29,"27":4,"28":4,"29":3,"30":3,"31":0,"32":1,"33":1,"34":29},"f":{"0":2,"1":1,"2":4,"3":4},"b":{"0":[0],"1":[0],"2":[0],"3":[3,0],"4":[0],"5":[3,0]},"_coverageSchema":"1a1c01bbd47fc00a2c39e90264f33305004495a9","hash":"d4bcae16335414f94830abf1f8ada2c193ed80d0"}
,"C:\\Users\\Usuariio\\TeamExoApp\\src\\controladores\\Estadistica.js": {"path":"C:\\Users\\Usuariio\\TeamExoApp\\src\\controladores\\Estadistica.js","statementMap":{"0":{"start":{"line":1,"column":32},"end":{"line":1,"column":118}},"1":{"start":{"line":2,"column":13},"end":{"line":2,"column":37}},"2":{"start":{"line":31,"column":4},"end":{"line":38,"column":7}},"3":{"start":{"line":33,"column":12},"end":{"line":35,"column":13}},"4":{"start":{"line":34,"column":16},"end":{"line":34,"column":68}},"5":{"start":{"line":36,"column":12},"end":{"line":36,"column":31}},"6":{"start":{"line":41,"column":0},"end":{"line":43,"column":2}}},"fnMap":{"0":{"name":"obtenerEstadisticasREST","decl":{"start":{"line":30,"column":15},"end":{"line":30,"column":38}},"loc":{"start":{"line":30,"column":49},"end":{"line":39,"column":1}},"line":30},"1":{"name":"(anonymous_1)","decl":{"start":{"line":32,"column":18},"end":{"line":32,"column":19}},"loc":{"start":{"line":32,"column":37},"end":{"line":37,"column":9}},"line":32}},"branchMap":{"0":{"loc":{"start":{"line":33,"column":12},"end":{"line":35,"column":13}},"type":"if","locations":[{"start":{"line":33,"column":12},"end":{"line":35,"column":13}},{"start":{},"end":{}}],"line":33}},"s":{"0":29,"1":29,"2":2,"3":2,"4":1,"5":1,"6":29},"f":{"0":2,"1":2},"b":{"0":[1,1]},"_coverageSchema":"1a1c01bbd47fc00a2c39e90264f33305004495a9","hash":"0cabe1ec66a4c1a8233d9d9c393345dca0c1f1de"}
,"C:\\Users\\Usuariio\\TeamExoApp\\src\\controladores\\Notificaciones.js": {"path":"C:\\Users\\Usuariio\\TeamExoApp\\src\\controladores\\Notificaciones.js","statementMap":{"0":{"start":{"line":1,"column":21},"end":{"line":1,"column":39}},"1":{"start":{"line":2,"column":21},"end":{"line":2,"column":55}},"2":{"start":{"line":3,"column":15},"end":{"line":3,"column":43}},"3":{"start":{"line":39,"column":37},"end":{"line":79,"column":1}},"4":{"start":{"line":40,"column":26},"end":{"line":40,"column":36}},"5":{"start":{"line":41,"column":44},"end":{"line":41,"column":53}},"6":{"start":{"line":43,"column":4},"end":{"line":78,"column":5}},"7":{"start":{"line":44,"column":23},"end":{"line":44,"column":55}},"8":{"start":{"line":46,"column":8},"end":{"line":48,"column":9}},"9":{"start":{"line":47,"column":12},"end":{"line":47,"column":44}},"10":{"start":{"line":50,"column":24},"end":{"line":54,"column":9}},"11":{"start":{"line":56,"column":40},"end":{"line":59,"column":10}},"12":{"start":{"line":61,"column":8},"end":{"line":64,"column":9}},"13":{"start":{"line":62,"column":24},"end":{"line":62,"column":54}},"14":{"start":{"line":62,"column":48},"end":{"line":62,"column":53}},"15":{"start":{"line":63,"column":12},"end":{"line":63,"column":92}},"16":{"start":{"line":66,"column":8},"end":{"line":71,"column":11}},"17":{"start":{"line":73,"column":8},"end":{"line":73,"column":74}},"18":{"start":{"line":74,"column":8},"end":{"line":77,"column":11}},"19":{"start":{"line":102,"column":24},"end":{"line":119,"column":1}},"20":{"start":{"line":103,"column":4},"end":{"line":118,"column":5}},"21":{"start":{"line":104,"column":29},"end":{"line":108,"column":9}},"22":{"start":{"line":110,"column":8},"end":{"line":112,"column":9}},"23":{"start":{"line":111,"column":12},"end":{"line":111,"column":79}},"24":{"start":{"line":114,"column":8},"end":{"line":114,"column":31}},"25":{"start":{"line":116,"column":8},"end":{"line":116,"column":82}},"26":{"start":{"line":117,"column":8},"end":{"line":117,"column":60}},"27":{"start":{"line":146,"column":34},"end":{"line":162,"column":1}},"28":{"start":{"line":147,"column":4},"end":{"line":161,"column":5}},"29":{"start":{"line":148,"column":24},"end":{"line":148,"column":32}},"30":{"start":{"line":150,"column":23},"end":{"line":153,"column":9}},"31":{"start":{"line":155,"column":8},"end":{"line":157,"column":11}},"32":{"start":{"line":159,"column":8},"end":{"line":159,"column":85}},"33":{"start":{"line":160,"column":8},"end":{"line":160,"column":60}},"34":{"start":{"line":185,"column":29},"end":{"line":203,"column":1}},"35":{"start":{"line":186,"column":4},"end":{"line":202,"column":5}},"36":{"start":{"line":187,"column":26},"end":{"line":189,"column":10}},"37":{"start":{"line":191,"column":8},"end":{"line":193,"column":9}},"38":{"start":{"line":192,"column":12},"end":{"line":192,"column":79}},"39":{"start":{"line":195,"column":8},"end":{"line":198,"column":11}},"40":{"start":{"line":200,"column":8},"end":{"line":200,"column":73}},"41":{"start":{"line":201,"column":8},"end":{"line":201,"column":60}},"42":{"start":{"line":205,"column":0},"end":{"line":210,"column":2}}},"fnMap":{"0":{"name":"(anonymous_0)","decl":{"start":{"line":39,"column":37},"end":{"line":39,"column":38}},"loc":{"start":{"line":39,"column":68},"end":{"line":79,"column":1}},"line":39},"1":{"name":"(anonymous_1)","decl":{"start":{"line":62,"column":43},"end":{"line":62,"column":44}},"loc":{"start":{"line":62,"column":48},"end":{"line":62,"column":53}},"line":62},"2":{"name":"(anonymous_2)","decl":{"start":{"line":102,"column":24},"end":{"line":102,"column":25}},"loc":{"start":{"line":102,"column":55},"end":{"line":119,"column":1}},"line":102},"3":{"name":"(anonymous_3)","decl":{"start":{"line":146,"column":34},"end":{"line":146,"column":35}},"loc":{"start":{"line":146,"column":65},"end":{"line":162,"column":1}},"line":146},"4":{"name":"(anonymous_4)","decl":{"start":{"line":185,"column":29},"end":{"line":185,"column":30}},"loc":{"start":{"line":185,"column":60},"end":{"line":203,"column":1}},"line":185}},"branchMap":{"0":{"loc":{"start":{"line":39,"column":49},"end":{"line":39,"column":63}},"type":"default-arg","locations":[{"start":{"line":39,"column":55},"end":{"line":39,"column":63}}],"line":39},"1":{"loc":{"start":{"line":41,"column":19},"end":{"line":41,"column":29}},"type":"default-arg","locations":[{"start":{"line":41,"column":27},"end":{"line":41,"column":29}}],"line":41},"2":{"loc":{"start":{"line":41,"column":31},"end":{"line":41,"column":39}},"type":"default-arg","locations":[{"start":{"line":41,"column":38},"end":{"line":41,"column":39}}],"line":41},"3":{"loc":{"start":{"line":46,"column":8},"end":{"line":48,"column":9}},"type":"if","locations":[{"start":{"line":46,"column":8},"end":{"line":48,"column":9}},{"start":{},"end":{}}],"line":46},"4":{"loc":{"start":{"line":61,"column":8},"end":{"line":64,"column":9}},"type":"if","locations":[{"start":{"line":61,"column":8},"end":{"line":64,"column":9}},{"start":{},"end":{}}],"line":61},"5":{"loc":{"start":{"line":76,"column":19},"end":{"line":76,"column":85}},"type":"cond-expr","locations":[{"start":{"line":76,"column":60},"end":{"line":76,"column":73}},{"start":{"line":76,"column":76},"end":{"line":76,"column":85}}],"line":76},"6":{"loc":{"start":{"line":102,"column":36},"end":{"line":102,"column":50}},"type":"default-arg","locations":[{"start":{"line":102,"column":42},"end":{"line":102,"column":50}}],"line":102},"7":{"loc":{"start":{"line":110,"column":8},"end":{"line":112,"column":9}},"type":"if","locations":[{"start":{"line":110,"column":8},"end":{"line":112,"column":9}},{"start":{},"end":{}}],"line":110},"8":{"loc":{"start":{"line":146,"column":46},"end":{"line":146,"column":60}},"type":"default-arg","locations":[{"start":{"line":146,"column":52},"end":{"line":146,"column":60}}],"line":146},"9":{"loc":{"start":{"line":185,"column":41},"end":{"line":185,"column":55}},"type":"default-arg","locations":[{"start":{"line":185,"column":47},"end":{"line":185,"column":55}}],"line":185},"10":{"loc":{"start":{"line":191,"column":8},"end":{"line":193,"column":9}},"type":"if","locations":[{"start":{"line":191,"column":8},"end":{"line":193,"column":9}},{"start":{},"end":{}}],"line":191}},"s":{"0":29,"1":29,"2":29,"3":29,"4":3,"5":3,"6":3,"7":3,"8":3,"9":1,"10":3,"11":3,"12":3,"13":1,"14":1,"15":1,"16":3,"17":0,"18":0,"19":29,"20":2,"21":2,"22":2,"23":2,"24":0,"25":0,"26":0,"27":29,"28":1,"29":1,"30":1,"31":1,"32":0,"33":0,"34":29,"35":2,"36":2,"37":2,"38":2,"39":0,"40":0,"41":0,"42":29},"f":{"0":3,"1":1,"2":2,"3":1,"4":2},"b":{"0":[0],"1":[2],"2":[2],"3":[1,2],"4":[1,2],"5":[0,0],"6":[0],"7":[2,0],"8":[0],"9":[0],"10":[2,0]},"_coverageSchema":"1a1c01bbd47fc00a2c39e90264f33305004495a9","hash":"b7f71d9dad7fc2294164b9c5c4860e20df248946"}
,"C:\\Users\\Usuariio\\TeamExoApp\\src\\controladores\\Publicacion.js": {"path":"C:\\Users\\Usuariio\\TeamExoApp\\src\\controladores\\Publicacion.js","statementMap":{"0":{"start":{"line":1,"column":21},"end":{"line":1,"column":39}},"1":{"start":{"line":2,"column":15},"end":{"line":2,"column":43}},"2":{"start":{"line":3,"column":20},"end":{"line":3,"column":53}},"3":{"start":{"line":4,"column":20},"end":{"line":4,"column":56}},"4":{"start":{"line":44,"column":25},"end":{"line":76,"column":1}},"5":{"start":{"line":45,"column":88},"end":{"line":45,"column":96}},"6":{"start":{"line":47,"column":4},"end":{"line":49,"column":5}},"7":{"start":{"line":48,"column":8},"end":{"line":48,"column":82}},"8":{"start":{"line":51,"column":4},"end":{"line":75,"column":5}},"9":{"start":{"line":52,"column":22},"end":{"line":52,"column":56}},"10":{"start":{"line":53,"column":33},"end":{"line":61,"column":10}},"11":{"start":{"line":63,"column":8},"end":{"line":63,"column":38}},"12":{"start":{"line":65,"column":8},"end":{"line":68,"column":11}},"13":{"start":{"line":70,"column":8},"end":{"line":70,"column":60}},"14":{"start":{"line":71,"column":8},"end":{"line":74,"column":11}},"15":{"start":{"line":113,"column":37},"end":{"line":153,"column":1}},"16":{"start":{"line":114,"column":30},"end":{"line":114,"column":40}},"17":{"start":{"line":115,"column":23},"end":{"line":115,"column":52}},"18":{"start":{"line":117,"column":4},"end":{"line":152,"column":5}},"19":{"start":{"line":118,"column":8},"end":{"line":122,"column":9}},"20":{"start":{"line":119,"column":12},"end":{"line":121,"column":15}},"21":{"start":{"line":124,"column":28},"end":{"line":124,"column":95}},"22":{"start":{"line":126,"column":8},"end":{"line":130,"column":9}},"23":{"start":{"line":127,"column":12},"end":{"line":129,"column":15}},"24":{"start":{"line":132,"column":37},"end":{"line":140,"column":9}},"25":{"start":{"line":142,"column":8},"end":{"line":145,"column":11}},"26":{"start":{"line":148,"column":8},"end":{"line":148,"column":73}},"27":{"start":{"line":149,"column":8},"end":{"line":151,"column":11}},"28":{"start":{"line":221,"column":28},"end":{"line":314,"column":1}},"29":{"start":{"line":229,"column":8},"end":{"line":229,"column":17}},"30":{"start":{"line":231,"column":4},"end":{"line":313,"column":5}},"31":{"start":{"line":232,"column":25},"end":{"line":249,"column":9}},"32":{"start":{"line":251,"column":8},"end":{"line":257,"column":9}},"33":{"start":{"line":252,"column":12},"end":{"line":256,"column":15}},"34":{"start":{"line":259,"column":8},"end":{"line":269,"column":9}},"35":{"start":{"line":260,"column":26},"end":{"line":260,"column":48}},"36":{"start":{"line":261,"column":12},"end":{"line":268,"column":15}},"37":{"start":{"line":271,"column":8},"end":{"line":279,"column":9}},"38":{"start":{"line":272,"column":12},"end":{"line":278,"column":15}},"39":{"start":{"line":281,"column":35},"end":{"line":286,"column":9}},"40":{"start":{"line":288,"column":30},"end":{"line":291,"column":9}},"41":{"start":{"line":293,"column":45},"end":{"line":296,"column":10}},"42":{"start":{"line":298,"column":22},"end":{"line":298,"column":48}},"43":{"start":{"line":300,"column":8},"end":{"line":305,"column":11}},"44":{"start":{"line":308,"column":8},"end":{"line":308,"column":62}},"45":{"start":{"line":309,"column":8},"end":{"line":312,"column":11}},"46":{"start":{"line":350,"column":47},"end":{"line":396,"column":1}},"47":{"start":{"line":351,"column":4},"end":{"line":395,"column":5}},"48":{"start":{"line":352,"column":23},"end":{"line":352,"column":33}},"49":{"start":{"line":354,"column":8},"end":{"line":358,"column":9}},"50":{"start":{"line":355,"column":12},"end":{"line":357,"column":15}},"51":{"start":{"line":360,"column":30},"end":{"line":386,"column":10}},"52":{"start":{"line":388,"column":8},"end":{"line":388,"column":51}},"53":{"start":{"line":390,"column":8},"end":{"line":390,"column":76}},"54":{"start":{"line":391,"column":8},"end":{"line":394,"column":11}},"55":{"start":{"line":423,"column":40},"end":{"line":458,"column":1}},"56":{"start":{"line":424,"column":4},"end":{"line":457,"column":5}},"57":{"start":{"line":425,"column":30},"end":{"line":448,"column":10}},"58":{"start":{"line":450,"column":8},"end":{"line":450,"column":51}},"59":{"start":{"line":452,"column":8},"end":{"line":452,"column":77}},"60":{"start":{"line":453,"column":8},"end":{"line":456,"column":11}},"61":{"start":{"line":460,"column":0},"end":{"line":466,"column":2}}},"fnMap":{"0":{"name":"(anonymous_0)","decl":{"start":{"line":44,"column":25},"end":{"line":44,"column":26}},"loc":{"start":{"line":44,"column":56},"end":{"line":76,"column":1}},"line":44},"1":{"name":"(anonymous_1)","decl":{"start":{"line":113,"column":37},"end":{"line":113,"column":38}},"loc":{"start":{"line":113,"column":68},"end":{"line":153,"column":1}},"line":113},"2":{"name":"(anonymous_2)","decl":{"start":{"line":221,"column":28},"end":{"line":221,"column":29}},"loc":{"start":{"line":221,"column":59},"end":{"line":314,"column":1}},"line":221},"3":{"name":"(anonymous_3)","decl":{"start":{"line":350,"column":47},"end":{"line":350,"column":48}},"loc":{"start":{"line":350,"column":78},"end":{"line":396,"column":1}},"line":350},"4":{"name":"(anonymous_4)","decl":{"start":{"line":423,"column":40},"end":{"line":423,"column":41}},"loc":{"start":{"line":423,"column":71},"end":{"line":458,"column":1}},"line":423}},"branchMap":{"0":{"loc":{"start":{"line":44,"column":37},"end":{"line":44,"column":51}},"type":"default-arg","locations":[{"start":{"line":44,"column":43},"end":{"line":44,"column":51}}],"line":44},"1":{"loc":{"start":{"line":45,"column":31},"end":{"line":45,"column":50}},"type":"default-arg","locations":[{"start":{"line":45,"column":40},"end":{"line":45,"column":50}}],"line":45},"2":{"loc":{"start":{"line":45,"column":52},"end":{"line":45,"column":65}},"type":"default-arg","locations":[{"start":{"line":45,"column":64},"end":{"line":45,"column":65}}],"line":45},"3":{"loc":{"start":{"line":45,"column":67},"end":{"line":45,"column":83}},"type":"default-arg","locations":[{"start":{"line":45,"column":79},"end":{"line":45,"column":83}}],"line":45},"4":{"loc":{"start":{"line":47,"column":4},"end":{"line":49,"column":5}},"type":"if","locations":[{"start":{"line":47,"column":4},"end":{"line":49,"column":5}},{"start":{},"end":{}}],"line":47},"5":{"loc":{"start":{"line":47,"column":8},"end":{"line":47,"column":29}},"type":"binary-expr","locations":[{"start":{"line":47,"column":8},"end":{"line":47,"column":15}},{"start":{"line":47,"column":19},"end":{"line":47,"column":29}}],"line":47},"6":{"loc":{"start":{"line":113,"column":49},"end":{"line":113,"column":63}},"type":"default-arg","locations":[{"start":{"line":113,"column":55},"end":{"line":113,"column":63}}],"line":113},"7":{"loc":{"start":{"line":115,"column":23},"end":{"line":115,"column":52}},"type":"binary-expr","locations":[{"start":{"line":115,"column":23},"end":{"line":115,"column":35}},{"start":{"line":115,"column":39},"end":{"line":115,"column":52}}],"line":115},"8":{"loc":{"start":{"line":118,"column":8},"end":{"line":122,"column":9}},"type":"if","locations":[{"start":{"line":118,"column":8},"end":{"line":122,"column":9}},{"start":{},"end":{}}],"line":118},"9":{"loc":{"start":{"line":118,"column":11},"end":{"line":118,"column":71}},"type":"binary-expr","locations":[{"start":{"line":118,"column":11},"end":{"line":118,"column":37}},{"start":{"line":118,"column":41},"end":{"line":118,"column":71}}],"line":118},"10":{"loc":{"start":{"line":126,"column":8},"end":{"line":130,"column":9}},"type":"if","locations":[{"start":{"line":126,"column":8},"end":{"line":130,"column":9}},{"start":{},"end":{}}],"line":126},"11":{"loc":{"start":{"line":136,"column":30},"end":{"line":136,"column":56}},"type":"binary-expr","locations":[{"start":{"line":136,"column":30},"end":{"line":136,"column":48}},{"start":{"line":136,"column":52},"end":{"line":136,"column":56}}],"line":136},"12":{"loc":{"start":{"line":221,"column":40},"end":{"line":221,"column":54}},"type":"default-arg","locations":[{"start":{"line":221,"column":46},"end":{"line":221,"column":54}}],"line":221},"13":{"loc":{"start":{"line":226,"column":8},"end":{"line":226,"column":28}},"type":"default-arg","locations":[{"start":{"line":226,"column":17},"end":{"line":226,"column":28}}],"line":226},"14":{"loc":{"start":{"line":227,"column":8},"end":{"line":227,"column":18}},"type":"default-arg","locations":[{"start":{"line":227,"column":16},"end":{"line":227,"column":18}}],"line":227},"15":{"loc":{"start":{"line":228,"column":8},"end":{"line":228,"column":16}},"type":"default-arg","locations":[{"start":{"line":228,"column":15},"end":{"line":228,"column":16}}],"line":228},"16":{"loc":{"start":{"line":251,"column":8},"end":{"line":257,"column":9}},"type":"if","locations":[{"start":{"line":251,"column":8},"end":{"line":257,"column":9}},{"start":{},"end":{}}],"line":251},"17":{"loc":{"start":{"line":259,"column":8},"end":{"line":269,"column":9}},"type":"if","locations":[{"start":{"line":259,"column":8},"end":{"line":269,"column":9}},{"start":{},"end":{}}],"line":259},"18":{"loc":{"start":{"line":271,"column":8},"end":{"line":279,"column":9}},"type":"if","locations":[{"start":{"line":271,"column":8},"end":{"line":279,"column":9}},{"start":{},"end":{}}],"line":271},"19":{"loc":{"start":{"line":298,"column":22},"end":{"line":298,"column":48}},"type":"binary-expr","locations":[{"start":{"line":298,"column":22},"end":{"line":298,"column":43}},{"start":{"line":298,"column":47},"end":{"line":298,"column":48}}],"line":298},"20":{"loc":{"start":{"line":311,"column":19},"end":{"line":311,"column":85}},"type":"cond-expr","locations":[{"start":{"line":311,"column":60},"end":{"line":311,"column":73}},{"start":{"line":311,"column":76},"end":{"line":311,"column":85}}],"line":311},"21":{"loc":{"start":{"line":350,"column":59},"end":{"line":350,"column":73}},"type":"default-arg","locations":[{"start":{"line":350,"column":65},"end":{"line":350,"column":73}}],"line":350},"22":{"loc":{"start":{"line":354,"column":8},"end":{"line":358,"column":9}},"type":"if","locations":[{"start":{"line":354,"column":8},"end":{"line":358,"column":9}},{"start":{},"end":{}}],"line":354},"23":{"loc":{"start":{"line":423,"column":52},"end":{"line":423,"column":66}},"type":"default-arg","locations":[{"start":{"line":423,"column":58},"end":{"line":423,"column":66}}],"line":423}},"s":{"0":29,"1":29,"2":29,"3":29,"4":29,"5":3,"6":3,"7":1,"8":2,"9":2,"10":2,"11":2,"12":1,"13":0,"14":0,"15":29,"16":4,"17":4,"18":4,"19":4,"20":1,"21":3,"22":3,"23":2,"24":1,"25":1,"26":0,"27":0,"28":29,"29":0,"30":0,"31":0,"32":0,"33":0,"34":0,"35":0,"36":0,"37":0,"38":0,"39":0,"40":0,"41":0,"42":0,"43":0,"44":0,"45":0,"46":29,"47":0,"48":0,"49":0,"50":0,"51":0,"52":0,"53":0,"54":0,"55":29,"56":0,"57":0,"58":0,"59":0,"60":0,"61":29},"f":{"0":3,"1":4,"2":0,"3":0,"4":0},"b":{"0":[0],"1":[3],"2":[0],"3":[3],"4":[1,2],"5":[3,2],"6":[0],"7":[4,0],"8":[1,3],"9":[4,2],"10":[2,1],"11":[1,0],"12":[0],"13":[0],"14":[0],"15":[0],"16":[0,0],"17":[0,0],"18":[0,0],"19":[0,0],"20":[0,0],"21":[0],"22":[0,0],"23":[0]},"_coverageSchema":"1a1c01bbd47fc00a2c39e90264f33305004495a9","hash":"a2f0cd5b7f3fd700bf2537c90f2ec367146e6d8e"}
,"C:\\Users\\Usuariio\\TeamExoApp\\src\\controladores\\Reaccion.js": {"path":"C:\\Users\\Usuariio\\TeamExoApp\\src\\controladores\\Reaccion.js","statementMap":{"0":{"start":{"line":1,"column":21},"end":{"line":1,"column":39}},"1":{"start":{"line":2,"column":17},"end":{"line":2,"column":47}},"2":{"start":{"line":3,"column":15},"end":{"line":3,"column":43}},"3":{"start":{"line":4,"column":27},"end":{"line":4,"column":107}},"4":{"start":{"line":42,"column":22},"end":{"line":56,"column":1}},"5":{"start":{"line":43,"column":74},"end":{"line":43,"column":82}},"6":{"start":{"line":45,"column":4},"end":{"line":55,"column":5}},"7":{"start":{"line":46,"column":22},"end":{"line":46,"column":82}},"8":{"start":{"line":47,"column":8},"end":{"line":47,"column":27}},"9":{"start":{"line":49,"column":8},"end":{"line":49,"column":74}},"10":{"start":{"line":51,"column":8},"end":{"line":51,"column":74}},"11":{"start":{"line":53,"column":8},"end":{"line":53,"column":66}},"12":{"start":{"line":54,"column":8},"end":{"line":54,"column":60}},"13":{"start":{"line":77,"column":40},"end":{"line":85,"column":1}},"14":{"start":{"line":78,"column":4},"end":{"line":84,"column":5}},"15":{"start":{"line":79,"column":27},"end":{"line":79,"column":90}},"16":{"start":{"line":80,"column":8},"end":{"line":80,"column":29}},"17":{"start":{"line":82,"column":8},"end":{"line":82,"column":70}},"18":{"start":{"line":83,"column":8},"end":{"line":83,"column":60}},"19":{"start":{"line":119,"column":27},"end":{"line":134,"column":1}},"20":{"start":{"line":120,"column":4},"end":{"line":133,"column":5}},"21":{"start":{"line":121,"column":25},"end":{"line":121,"column":33}},"22":{"start":{"line":122,"column":28},"end":{"line":126,"column":9}},"23":{"start":{"line":128,"column":8},"end":{"line":128,"column":89}},"24":{"start":{"line":128,"column":26},"end":{"line":128,"column":89}},"25":{"start":{"line":129,"column":8},"end":{"line":129,"column":73}},"26":{"start":{"line":131,"column":8},"end":{"line":131,"column":71}},"27":{"start":{"line":132,"column":8},"end":{"line":132,"column":60}},"28":{"start":{"line":157,"column":25},"end":{"line":175,"column":1}},"29":{"start":{"line":158,"column":4},"end":{"line":174,"column":5}},"30":{"start":{"line":159,"column":31},"end":{"line":159,"column":41}},"31":{"start":{"line":161,"column":26},"end":{"line":161,"column":95}},"32":{"start":{"line":163,"column":8},"end":{"line":165,"column":9}},"33":{"start":{"line":164,"column":12},"end":{"line":164,"column":75}},"34":{"start":{"line":167,"column":8},"end":{"line":170,"column":11}},"35":{"start":{"line":172,"column":8},"end":{"line":172,"column":70}},"36":{"start":{"line":173,"column":8},"end":{"line":173,"column":60}},"37":{"start":{"line":177,"column":0},"end":{"line":182,"column":2}}},"fnMap":{"0":{"name":"(anonymous_0)","decl":{"start":{"line":42,"column":22},"end":{"line":42,"column":23}},"loc":{"start":{"line":42,"column":53},"end":{"line":56,"column":1}},"line":42},"1":{"name":"(anonymous_1)","decl":{"start":{"line":77,"column":40},"end":{"line":77,"column":41}},"loc":{"start":{"line":77,"column":71},"end":{"line":85,"column":1}},"line":77},"2":{"name":"(anonymous_2)","decl":{"start":{"line":119,"column":27},"end":{"line":119,"column":28}},"loc":{"start":{"line":119,"column":58},"end":{"line":134,"column":1}},"line":119},"3":{"name":"(anonymous_3)","decl":{"start":{"line":157,"column":25},"end":{"line":157,"column":26}},"loc":{"start":{"line":157,"column":56},"end":{"line":175,"column":1}},"line":157}},"branchMap":{"0":{"loc":{"start":{"line":42,"column":34},"end":{"line":42,"column":48}},"type":"default-arg","locations":[{"start":{"line":42,"column":40},"end":{"line":42,"column":48}}],"line":42},"1":{"loc":{"start":{"line":77,"column":52},"end":{"line":77,"column":66}},"type":"default-arg","locations":[{"start":{"line":77,"column":58},"end":{"line":77,"column":66}}],"line":77},"2":{"loc":{"start":{"line":119,"column":39},"end":{"line":119,"column":53}},"type":"default-arg","locations":[{"start":{"line":119,"column":45},"end":{"line":119,"column":53}}],"line":119},"3":{"loc":{"start":{"line":128,"column":8},"end":{"line":128,"column":89}},"type":"if","locations":[{"start":{"line":128,"column":8},"end":{"line":128,"column":89}},{"start":{},"end":{}}],"line":128},"4":{"loc":{"start":{"line":157,"column":37},"end":{"line":157,"column":51}},"type":"default-arg","locations":[{"start":{"line":157,"column":43},"end":{"line":157,"column":51}}],"line":157},"5":{"loc":{"start":{"line":163,"column":8},"end":{"line":165,"column":9}},"type":"if","locations":[{"start":{"line":163,"column":8},"end":{"line":165,"column":9}},{"start":{},"end":{}}],"line":163}},"s":{"0":29,"1":29,"2":29,"3":29,"4":29,"5":2,"6":2,"7":2,"8":2,"9":0,"10":0,"11":1,"12":1,"13":29,"14":2,"15":2,"16":2,"17":0,"18":0,"19":29,"20":2,"21":2,"22":2,"23":2,"24":2,"25":0,"26":0,"27":0,"28":29,"29":0,"30":0,"31":0,"32":0,"33":0,"34":0,"35":0,"36":0,"37":29},"f":{"0":2,"1":2,"2":2,"3":0},"b":{"0":[0],"1":[0],"2":[0],"3":[2,0],"4":[0],"5":[0,0]},"_coverageSchema":"1a1c01bbd47fc00a2c39e90264f33305004495a9","hash":"c736abd7bda5e5d0c2ebf96b2c9565862cdca015"}
,"C:\\Users\\Usuariio\\TeamExoApp\\src\\controladores\\Recurso.js": {"path":"C:\\Users\\Usuariio\\TeamExoApp\\src\\controladores\\Recurso.js","statementMap":{"0":{"start":{"line":1,"column":21},"end":{"line":1,"column":39}},"1":{"start":{"line":2,"column":40},"end":{"line":2,"column":69}},"2":{"start":{"line":3,"column":15},"end":{"line":3,"column":43}},"3":{"start":{"line":26,"column":28},"end":{"line":35,"column":1}},"4":{"start":{"line":27,"column":4},"end":{"line":34,"column":5}},"5":{"start":{"line":28,"column":24},"end":{"line":28,"column":89}},"6":{"start":{"line":29,"column":8},"end":{"line":29,"column":84}},"7":{"start":{"line":29,"column":22},"end":{"line":29,"column":84}},"8":{"start":{"line":30,"column":8},"end":{"line":30,"column":26}},"9":{"start":{"line":32,"column":8},"end":{"line":32,"column":67}},"10":{"start":{"line":33,"column":8},"end":{"line":33,"column":60}},"11":{"start":{"line":56,"column":34},"end":{"line":64,"column":1}},"12":{"start":{"line":57,"column":4},"end":{"line":63,"column":5}},"13":{"start":{"line":58,"column":25},"end":{"line":58,"column":90}},"14":{"start":{"line":59,"column":8},"end":{"line":59,"column":27}},"15":{"start":{"line":61,"column":8},"end":{"line":61,"column":80}},"16":{"start":{"line":62,"column":8},"end":{"line":62,"column":60}},"17":{"start":{"line":85,"column":31},"end":{"line":93,"column":1}},"18":{"start":{"line":86,"column":4},"end":{"line":92,"column":5}},"19":{"start":{"line":87,"column":25},"end":{"line":87,"column":70}},"20":{"start":{"line":88,"column":8},"end":{"line":88,"column":27}},"21":{"start":{"line":90,"column":8},"end":{"line":90,"column":77}},"22":{"start":{"line":91,"column":8},"end":{"line":91,"column":60}},"23":{"start":{"line":116,"column":24},"end":{"line":125,"column":1}},"24":{"start":{"line":117,"column":4},"end":{"line":124,"column":5}},"25":{"start":{"line":118,"column":26},"end":{"line":118,"column":100}},"26":{"start":{"line":119,"column":8},"end":{"line":119,"column":86}},"27":{"start":{"line":119,"column":24},"end":{"line":119,"column":86}},"28":{"start":{"line":120,"column":8},"end":{"line":120,"column":67}},"29":{"start":{"line":122,"column":8},"end":{"line":122,"column":68}},"30":{"start":{"line":123,"column":8},"end":{"line":123,"column":60}},"31":{"start":{"line":163,"column":26},"end":{"line":198,"column":1}},"32":{"start":{"line":164,"column":4},"end":{"line":197,"column":5}},"33":{"start":{"line":165,"column":58},"end":{"line":165,"column":66}},"34":{"start":{"line":166,"column":33},"end":{"line":166,"column":98}},"35":{"start":{"line":168,"column":8},"end":{"line":170,"column":9}},"36":{"start":{"line":169,"column":12},"end":{"line":169,"column":74}},"37":{"start":{"line":172,"column":21},"end":{"line":172,"column":42}},"38":{"start":{"line":173,"column":34},"end":{
[...]
,"C:\\Users\\Usuariio\\TeamExoApp\\src\\controladores\\Usuario.js": {"path":"C:\\Users\\Usuariio\\TeamExoApp\\src\\controladores\\Usuario.js","statementMap":{"0":{"start":{"line":1,"column":21},"end":{"line":1,"column":39}},"1":{"start":{"line":2,"column":15},"end":{"line":2,"column":32}},"2":{"start":{"line":3,"column":15},"end":{"line":3,"column":43}},"3":{"start":{"line":4,"column":16},"end":{"line":4,"column":45}},"4":{"start":{"line":18,"column":20},"end":{"line":26,"column":1}},"5":{"start":{"line":19,"column":4},"end":{"line":25,"column":5}},"6":{"start":{"line":20,"column":25},"end":{"line":20,"column":45}},"7":{"start":{"line":21,"column":8},"end":{"line":21,"column":27}},"8":{"start":{"line":23,"column":8},"end":{"line":23,"column":68}},"9":{"start":{"line":24,"column":8},"end":{"line":24,"column":135}},"10":{"start":{"line":68,"column":23},"end":{"line":95,"column":1}},"11":{"start":{"line":69,"column":74},"end":{"line":69,"column":82}},"12":{"start":{"line":70,"column":4},"end":{"line":72,"column":5}},"13":{"start":{"line":71,"column":8},"end":{"line":71,"column":77}},"14":{"start":{"line":73,"column":4},"end":{"line":94,"column":5}},"15":{"start":{"line":74,"column":21},"end":{"line":74,"column":45}},"16":{"start":{"line":75,"column":31},"end":{"line":75,"column":66}},"17":{"start":{"line":77,"column":29},"end":{"line":84,"column":10}},"18":{"start":{"line":86,"column":8},"end":{"line":86,"column":34}},"19":{"start":{"line":87,"column":8},"end":{"line":90,"column":11}},"20":{"start":{"line":92,"column":8},"end":{"line":92,"column":68}},"21":{"start":{"line":93,"column":8},"end":{"line":93,"column":135}},"22":{"start":{"line":98,"column":4},"end":{"line":104,"column":5}},"23":{"start":{"line":99,"column":23},"end":{"line":99,"column":63}},"24":{"start":{"line":100,"column":8},"end":{"line":100,"column":24}},"25":{"start":{"line":102,"column":8},"end":{"line":102,"column":61}},"26":{"start":{"line":103,"column":8},"end":{"line":103,"column":54}},"27":{"start":{"line":147,"column":26},"end":{"line":174,"column":1}},"28":{"start":{"line":148,"column":26},"end":{"line":148,"column":36}},"29":{"start":{"line":149,"column":57},"end":{"line":149,"column":65}},"30":{"start":{"line":151,"column":4},"end":{"line":153,"column":5}},"31":{"start":{"line":152,"column":8},"end":{"line":152,"column":92}},"32":{"start":{"line":155,"column":4},"end":{"line":173,"column":5}},"33":{"start":{"line":156,"column":31},"end":{"line":160,"column":9}},"34":{"start":{"line":162,"column":8},"end":{"line":164,"column":9}},"35":{"start":{"line":163,"column":12},"end":{"line":163,"column":74}},"36":{"start":{"line":166,"column":8},"end":{"line":169,"column":11}},"37":{"start":{"line":171,"column":8},"end":{"line":171,"column":71}},"38":{"start":{"line":172,"column":8},"end":{"line":172,"column":135}},"39":{"start":{"line":177,"column":4},"end":{"line":186,"column":5}},"40":{"start":{"line":178,"column":23},"end":{"line":181,"column":10}},"41":{"start":{"line":183,"column":8},"end":{"line":183,"column":24}},"42":{"start":{"line":185,"column":8},"end":{"line":185,"column":54}},"43":{"start":{"line":222,"column":29},"end":{"line":251,"column":1}},"44":{"start":{"line":223,"column":26},"end":{"line":223,"column":36}},"45":{"start":{"line":224,"column":32},"end":{"line":224,"column":40}},"46":{"start":{"line":226,"column":4},"end":{"line":228,"column":5}},"47":{"start":{"line":227,"column":8},"end":{"line":227,"column":83}},"48":{"start":{"line":230,"column":4},"end":{"line":250,"column":5}},"49":{"start":{"line":231,"column":23},"end":{"line":231,"column":80}},"50":{"start":{"line":233,"column":21},"end":{"line":233,"column":45}},"51":{"start":{"line":234,"column":31},"end":{"line":234,"column":71}},"52":{"start":{"line":236,"column":24},"end":{"line":240,"column":9}},"53":{"start":{"line":242,"column":8},"end":{"line":244,"column":9}},"54":{"start":{"line":243,"column":12},"end":{"line":243,"column":74}},"55":{"start":{"line":246,"column":8},"end":{"line":246,"column":66}},"56":{"start":{"line":248,"column":8},"end":{"line":248,"column":73}},"57":{"start":{"line":249,"column":8},"end":{"line":249,"column":93}},"58":{"start":{"line":273,"column":24},"end":{"line":291,"column":1}},"59":{"start":{"line":274,"column":26},"end":{"line":274,"column":36}},"60":{"start":{"line":275,"column":4},"end":{"line":277,"column":5}},"61":{"start":{"line":276,"column":8},"end":{"line":276,"column":76}},"62":{"start":{"line":278,"column":4},"end":{"line":290,"column":5}},"63":{"start":{"line":279,"column":31},"end":{"line":279,"column":97}},"64":{"start":{"line":280,"column":8},"end":{"line":282,"column":9}},"65":{"start":{"line":281,"column":12},"end":{"line":281,"column":74}},"66":{"start":{"line":283,"column":8},"end":{"line":286,"column":11}},"67":{"start":{"line":288,"column":8},"end":{"line":288,"column":69}},"68":{"start":{"line":289,"column":8},"end":{"line":289,"column":135}},"69":{"start":{"line":309,"column":22},"end":{"line":327,"column":1}},"70":{"start":{"line":310,"column":19},"end":{"line":310,"column":30}},"71":{"start":{"line":312,"column":4},"end":{"line":326,"column":5}},"72":{"start":{"line":313,"column":24},"end":{"line":313,"column":86}},"73":{"start":{"line":315,"column":8},"end":{"line":317,"column":9}},"74":{"start":{"line":316,"column":12},"end":{"line":316,"column":74}},"75":{"start":{"line":319,"column":8},"end":{"line":322,"column":11}},"76":{"start":{"line":324,"column":8},"end":{"line":324,"column":66}},"77":{"start":{"line":325,"column":8},"end":{"line":325,"column":83}},"78":{"start":{"line":329,"column":0},"end":{"line":336,"column":2}}},"fnMap":{"0":{"name":"(anonymous_0)","decl":{"start":{"line":18,"column":20},"end":{"line":18,"column":21}},"loc":{"start":{"line":18,"column":51},"end":{"line":26,"column":1}},"line":18},"1":{"name":"(anonymous_1)","decl":{"start":{"line":68,"column":23},"end":{"line":68,"column":24}},"loc":{"start":{"line":68,"column":54},"end":{"line":95,"column":1}},"line":68},"2":{"name":"emailExist","decl":{"start":{"line":97,"column":15},"end":{"line":97,"column":25}},"loc":{"start":{"line":97,"column":33},"end":{"line":105,"column":1}},"line":97},"3":{"name":"(anonymous_3)","decl":{"start":{"line":147,"column":26},"end":{"line":147,"column":27}},"loc":{"start":{"line":147,"column":57},"end":{"line":174,"column":1}},"line":147},"4":{"name":"emailExistExceptUserId","decl":{"start":{"line":176,"column":15},"end":{"line":176,"column":37}},"loc":{"start":{"line":176,"column":56},"end":{"line":187,"column":1}},"line":176},"5":{"name":"(anonymous_5)","decl":{"start":{"line":222,"column":29},"end":{"line":222,"column":30}},"loc":{"start":{"line":222,"column":60},"end":{"line":251,"column":1}},"line":222},"6":{"name":"(anonymous_6)","decl":{"start":{"line":273,"column":24},"end":{"line":273,"column":25}},"loc":{"start":{"line":273,"column":55},"end":{"line":291,"column":1}},"line":273},"7":{"name":"(anonymous_7)","decl":{"start":{"line":309,"column":22},"end":{"line":309,"column":23}},"loc":{"start":{"line":309,"column":53},"end":{"line":327,"column":1}},"line":309}},"branchMap":{"0":{"loc":{"start":{"line":18,"column":32},"end":{"line":18,"column":46}},"type":"default-arg","locations":[{"start":{"line":18,"column":38},"end":{"line":18,"column":46}}],"line":18},"1":{"loc":{"start":{"line":68,"column":35},"end":{"line":68,"column":49}},"type":"default-arg","locations":[{"start":{"line":68,"column":41},"end":{"line":68,"column":49}}],"line":68},"2":{"loc":{"start":{"line":70,"column":4},"end":{"line":72,"column":5}},"type":"if","locations":[{"start":{"line":70,"column":4},"end":{"line":72,"column":5}},{"start":{},"end":{}}],"line":70},"3":{"loc":{"start":{"line":147,"column":38},"end":{"line":147,"column":52}},"type":"default-arg","locations":[{"start":{"line":147,"column":44},"end":{"line":147,"column":52}}],"line":147},"4":{"loc":{"start":{"line":151,"column":4},"end":{"line":153,"column":5}},"type":"if","locations":[{"start":{"line":151,"column":4},"end":{"line":153,"column":5}},{"start":{},"end":{}}],"line":151},"5":{"loc":{"start":{"line":162,"column":8},"end":{"line":164,"column":9}},"type":"if","locations":[{"start":{"line":162,"column":8},"end":{"line":164,"column":9}},{"start":{},"end":{}}],"line":162},"6":{"loc":{"start":{"line":222,"column":41},"end":{"line":222,"column":55}},"type":"default-arg","locations":[{"start":{"line":222,"column":47},"end":{"line":222,"column":55}}],"line":222},"7":{"loc":{"start":{"line":226,"column":4},"end":{"line":228,"column":5}},"type":"if","locations":[{"start":{"line":226,"column":4},"end":{"line":228,"column":5}},{"start":{},"end":{}}],"line":226},"8":{"loc":{"start":{"line":226,"column":8},"end":{"line":226,"column":57}},"type":"binary-expr","locations":[{"start":{"line":226,"column":8},"end":{"line":226,"column":24}},{"start":{"line":226,"column":28},"end":{"line":226,"column":57}}],"line":226},"9":{"loc":{"start":{"line":242,"column":8},"end":{"line":244,"column":9}},"type":"if","locations":[{"start":{"line":242,"column":8},"end":{"line":244,"column":9}},{"start":{},"end":{}}],"line":242},"10":{"loc":{"start":{"line":273,"column":36},"end":{"line":273,"column":50}},"type":"default-arg","locations":[{"start":{"line":273,"column":42},"end":{"line":273,"column":50}}],"line":273},"11":{"loc":{"start":{"line":275,"column":4},"end":{"line":277,"column":5}},"type":"if","locations":[{"start":{"line":275,"column":4},"end":{"line":277,"column":5}},{"start":{},"end":{}}],"line":275},"12":{"loc":{"start":{"line":280,"column":8},"end":{"line":282,"column":9}},"type":"if","locations":[{"start":{"line":280,"column":8},"end":{"line":282,"column":9}},{"start":{},"end":{}}],"line":280},"13":{"loc":{"start":{"line":309,"column":34},"end":{"line":309,"column":48}},"type":"default-arg","locations":[{"start":{"line":309,"column":40},"end":{"line":309,"column":48}}],"line":309},"14":{"loc":{"start":{"line":315,"column":8},"end":{"line":317,"column":9}},"type":"if","locations":[{"start":{"line":315,"column":8},"end":{"line":317,"column":9}},{"start":{},"end":{}}],"line":315}},"s":{"0":30,"1":30,"2":30,"3":30,"4":30,"5":2,"6":2,"7":1,"8":1,"9":1,"10":30,"11":2,"12":2,"13":0,"14":2,"15":2,"16":2,"17":2,"18":2,"19":2,"20":0,"21":0,"22":2,"23":2,"24":2,"25":0,"26":0,"27":30,"28":3,"29":3,"30":3,"31":1,"32":2,"33":2,"34":2,"35":1,"36":1,"37":0,"38":0,"39":3,"40":3,"41":3,"42":0,"43":30,"44":3,"45":3,"46":3,"47":1,"48":2,"49":2,"50":2,"51":2,"52":2,"53":2,"54":2,"55":0,"56":0,"57":0,"58":30,"59":2,"60":2,"61":0,"62":2,"63":2,"64":2,"65":2,"66":0,"67":0,"68":0,"69":30,"70":1,"71":1,"72":1,"73":1,"74":0,"75":1,"76":0,"77":0,"78":30},"f":{"0":2,"1":2,"2":2,"3":3,"4":3,"5":3,"6":2,"7":1},"b":{"0":[0],"1":[0],"2":[0,2],"3":[0],"4":[1,2],"5":[1,1],"6":[0],"7":[1,2],"8":[3,2],"9":[2,0],"10":[0],"11":[0,2],"12":[2,0],"13":[0],"14":[0,1]},"_coverageSchema":"1a1c01bbd47fc00a2c39e90264f33305004495a9","hash":"715f198db2c2d9d7d6ab54deebbe293870d82a5d"}
,"C:\\Users\\Usuariio\\TeamExoApp\\src\\helpers\\logger.js": {"path":"C:\\Users\\Usuariio\\TeamExoApp\\src\\helpers\\logger.js","statementMap":{"0":{"start":{"line":1,"column":16},"end":{"line":1,"column":34}},"1":{"start":{"line":3,"column":15},"end":{"line":15,"column":2}},"2":{"start":{"line":8,"column":12},"end":{"line":8,"column":71}},"3":{"start":{"line":17,"column":0},"end":{"line":21,"column":1}},"4":{"start":{"line":18,"column":4},"end":{"line":20,"column":8}},"5":{"start":{"line":23,"column":0},"end":{"line":23,"column":24}}},"fnMap":{"0":{"name":"(anonymous_0)","decl":{"start":{"line":7,"column":30},"end":{"line":7,"column":31}},"loc":{"start":{"line":7,"column":65},"end":{"line":9,"column":9}},"line":7}},"branchMap":{"0":{"loc":{"start":{"line":17,"column":0},"end":{"line":21,"column":1}},"type":"if","locations":[{"start":{"line":17,"column":0},"end":{"line":21,"column":1}},{"start":{},"end":{}}],"line":17}},"s":{"0":30,"1":30,"2":7,"3":30,"4":30,"5":30},"f":{"0":7},"b":{"0":[30,0]},"_coverageSchema":"1a1c01bbd47fc00a2c39e90264f33305004495a9","hash":"d64fa68d8bd536f27986574c17b44f0bed9c68c6"}
,"C:\\Users\\Usuariio\\TeamExoApp\\src\\middlwares\\validarJWT.js": {"path":"C:\\Users\\Usuariio\\TeamExoApp\\src\\middlwares\\validarJWT.js","statementMap":{"0":{"start":{"line":1,"column":12},"end":{"line":1,"column":35}},"1":{"start":{"line":2,"column":23},"end":{"line":2,"column":43}},"2":{"start":{"line":4,"column":19},"end":{"line":18,"column":1}},"3":{"start":{"line":5,"column":18},"end":{"line":5,"column":69}},"4":{"start":{"line":7,"column":4},"end":{"line":9,"column":5}},"5":{"start":{"line":8,"column":8},"end":{"line":8,"column":76}},"6":{"start":{"line":11,"column":4},"end":{"line":17,"column":5}},"7":{"start":{"line":12,"column":24},"end":{"line":12,"column":66}},"8":{"start":{"line":13,"column":8},"end":{"line":13,"column":30}},"9":{"start":{"line":14,"column":8},"end":{"line":14,"column":15}},"10":{"start":{"line":16,"column":8},"end":{"line":16,"column":74}},"11":{"start":{"line":20,"column":0},"end":{"line":20,"column":28}}},"fnMap":{"0":{"name":"(anonymous_0)","decl":{"start":{"line":4,"column":19},"end":{"line":4,"column":20}},"loc":{"start":{"line":4,"column":39},"end":{"line":18,"column":1}},"line":4}},"branchMap":{"0":{"loc":{"start":{"line":7,"column":4},"end":{"line":9,"column":5}},"type":"if","locations":[{"start":{"line":7,"column":4},"end":{"line":9,"column":5}},{"start":{},"end":{}}],"line":7},"1":{"loc":{"start":{"line":12,"column":42},"end":{"line":12,"column":65}},"type":"binary-expr","locations":[{"start":{"line":12,"column":42},"end":{"line":12,"column":52}},{"start":{"line":12,"column":56},"end":{"line":12,"column":65}}],"line":12}},"s":{"0":29,"1":29,"2":29,"3":3,"4":3,"5":1,"6":2,"7":2,"8":1,"9":1,"10":1,"11":29},"f":{"0":3},"b":{"0":[1,2],"1":[2,2]},"_coverageSchema":"1a1c01bbd47fc00a2c39e90264f33305004495a9","hash":"c6e748a012b786b773b05ee66d98ac07b05430af"}
,"C:\\Users\\Usuariio\\TeamExoApp\\src\\modelos\\Comentario.js": {"path":"C:\\Users\\Usuariio\\TeamExoApp\\src\\modelos\\Comentario.js","statementMap":{"0":{"start":{"line":1,"column":17},"end":{"line":1,"column":36}},"1":{"start":{"line":2,"column":26},"end":{"line":2,"column":34}},"2":{"start":{"line":4,"column":25},"end":{"line":23,"column":2}},"3":{"start":{"line":25,"column":0},"end":{"line":25,"column":55}}},"fnMap":{},"branchMap":{},"s":{"0":30,"1":30,"2":30,"3":30},"f":{},"b":{},"_coverageSchema":"1a1c01bbd47fc00a2c39e90264f33305004495a9","hash":"0047b38b3b2a1a0a71e61339657e84ee4467f6b8"}
,"C:\\Users\\Usuariio\\TeamExoApp\\src\\modelos\\Estadistica.js": {"path":"C:\\Users\\Usuariio\\TeamExoApp\\src\\modelos\\Estadistica.js","statementMap":{"0":{"start":{"line":1,"column":17},"end":{"line":1,"column":36}},"1":{"start":{"line":3,"column":26},"end":{"line":21,"column":2}},"2":{"start":{"line":23,"column":0},"end":{"line":23,"column":66}}},"fnMap":{},"branchMap":{},"s":{"0":1,"1":1,"2":1},"f":{},"b":{},"_coverageSchema":"1a1c01bbd47fc00a2c39e90264f33305004495a9","hash":"e512db8e6266f42d309c2beaf24e16ad5ca5f65c"}
,"C:\\Users\\Usuariio\\TeamExoApp\\src\\modelos\\Notificacion.js": {"path":"C:\\Users\\Usuariio\\TeamExoApp\\src\\modelos\\Notificacion.js","statementMap":{"0":{"start":{"line":1,"column":17},"end":{"line":1,"column":36}},"1":{"start":{"line":2,"column":26},"end":{"line":2,"column":34}},"2":{"start":{"line":4,"column":27},"end":{"line":29,"column":2}},"3":{"start":{"line":31,"column":0},"end":{"line":31,"column":59}}},"fnMap":{},"branchMap":{},"s":{"0":30,"1":30,"2":30,"3":30},"f":{},"b":{},"_coverageSchema":"1a1c01bbd47fc00a2c39e90264f33305004495a9","hash":"d3d39efb3bf80483bbaf69bd52f651c9abbf3f96"}
,"C:\\Users\\Usuariio\\TeamExoApp\\src\\modelos\\Publicacion.js": {"path":"C:\\Users\\Usuariio\\TeamExoApp\\src\\modelos\\Publicacion.js","statementMap":{"0":{"start":{"line":1,"column":17},"end":{"line":1,"column":36}},"1":{"start":{"line":2,"column":26},"end":{"line":2,"column":45}},"2":{"start":{"line":3,"column":22},"end":{"line":3,"column":60}},"3":{"start":{"line":5,"column":26},"end":{"line":34,"column":2}},"4":{"start":{"line":36,"column":0},"end":{"line":36,"column":72}},"5":{"start":{"line":38,"column":0},"end":{"line":38,"column":57}}},"fnMap":{},"branchMap":{},"s":{"0":30,"1":30,"2":30,"3":30,"4":30,"5":30},"f":{},"b":{},"_coverageSchema":"1a1c01bbd47fc00a2c39e90264f33305004495a9","hash":"414be20f5fd579c7d615e5178f6907bba00d85c5"}
,"C:\\Users\\Usuariio\\TeamExoApp\\src\\modelos\\Reaccion.js": {"path":"C:\\Users\\Usuariio\\TeamExoApp\\src\\modelos\\Reaccion.js","statementMap":{"0":{"start":{"line":2,"column":17},"end":{"line":2,"column":36}},"1":{"start":{"line":3,"column":26},"end":{"line":3,"column":34}},"2":{"start":{"line":5,"column":23},"end":{"line":25,"column":2}},"3":{"start":{"line":27,"column":0},"end":{"line":27,"column":51}}},"fnMap":{},"branchMap":{},"s":{"0":30,"1":30,"2":30,"3":30},"f":{},"b":{},"_coverageSchema":"1a1c01bbd47fc00a2c39e90264f33305004495a9","hash":"2aea3fa776f464452971d935782eadf8d63af384"}
,"C:\\Users\\Usuariio\\TeamExoApp\\src\\modelos\\Recurso.js": {"path":"C:\\Users\\Usuariio\\TeamExoApp\\src\\modelos\\Recurso.js","statementMap":{"0":{"start":{"line":1,"column":17},"end":{"line":1,"column":36}},"1":{"start":{"line":2,"column":26},"end":{"line":2,"column":34}},"2":{"start":{"line":4,"column":22},"end":{"line":32,"column":57}},"3":{"start":{"line":34,"column":16},"end":{"line":34,"column":47}},"4":{"start":{"line":36,"column":13},"end":{"line":41,"column":3}},"5":{"start":{"line":43,"column":14},"end":{"line":48,"column":3}},"6":{"start":{"line":50,"column":14},"end":{"line":55,"column":3}},"7":{"start":{"line":57,"column":0},"end":{"line":57,"column":49}}},"fnMap":{},"branchMap":{},"s":{"0":32,"1":32,"2":32,"3":32,"4":32,"5":32,"6":32,"7":32},"f":{},"b":{},"_coverageSchema":"1a1c01bbd47fc00a2c39e90264f33305004495a9","hash":"abe38cf53983b2de3168ef348b6df0bff85e6d47"}
,"C:\\Users\\Usuariio\\TeamExoApp\\src\\modelos\\Usuario.js": {"path":"C:\\Users\\Usuariio\\TeamExoApp\\src\\modelos\\Usuario.js","statementMap":{"0":{"start":{"line":1,"column":17},"end":{"line":1,"column":36}},"1":{"start":{"line":2,"column":26},"end":{"line":2,"column":34}},"2":{"start":{"line":3,"column":22},"end":{"line":3,"column":60}},"3":{"start":{"line":5,"column":22},"end":{"line":36,"column":2}},"4":{"start":{"line":38,"column":0},"end":{"line":38,"column":64}},"5":{"start":{"line":40,"column":0},"end":{"line":40,"column":49}}},"fnMap":{},"branchMap":{},"s":{"0":32,"1":32,"2":32,"3":32,"4":32,"5":32},"f":{},"b":{},"_coverageSchema":"1a1c01bbd47fc00a2c39e90264f33305004495a9","hash":"c1228576747b8b4f913bbcffc4c41a8ffb40ddb2"}
}
