{"C:\\Users\\nmh14\\IdeaProjects\\TeamExoServer\\src\\app.js": {"path":"C:\\Users\\nmh14\\IdeaProjects\\TeamExoServer\\src\\app.js","statementMap":{"0":{"start":{"line":1,"column":16},"end":{"line":1,"column":34}},"1":{"start":{"line":2,"column":17},"end":{"line":2,"column":36}},"2":{"start":{"line":4,"column":12},"end":{"line":4,"column":21}},"3":{"start":{"line":5,"column":0},"end":{"line":5,"column":24}},"4":{"start":{"line":8,"column":19},"end":{"line":8,"column":81}},"5":{"start":{"line":9,"column":0},"end":{"line":11,"column":70}},"6":{"start":{"line":10,"column":16},"end":{"line":10,"column":50}},"7":{"start":{"line":11,"column":18},"end":{"line":11,"column":68}},"8":{"start":{"line":14,"column":0},"end":{"line":14,"column":53}},"9":{"start":{"line":17,"column":0},"end":{"line":17,"column":21}}},"fnMap":{"0":{"name":"(anonymous_0)","decl":{"start":{"line":10,"column":10},"end":{"line":10,"column":11}},"loc":{"start":{"line":10,"column":16},"end":{"line":10,"column":50}},"line":10},"1":{"name":"(anonymous_1)","decl":{"start":{"line":11,"column":11},"end":{"line":11,"column":12}},"loc":{"start":{"line":11,"column":18},"end":{"line":11,"column":68}},"line":11}},"branchMap":{"0":{"loc":{"start":{"line":8,"column":19},"end":{"line":8,"column":81}},"type":"binary-expr","locations":[{"start":{"line":8,"column":19},"end":{"line":8,"column":40}},{"start":{"line":8,"column":44},"end":{"line":8,"column":81}}],"line":8}},"s":{"0":3,"1":3,"2":3,"3":3,"4":3,"5":3,"6":3,"7":0,"8":3,"9":3},"f":{"0":3,"1":0},"b":{"0":[3,0]},"_coverageSchema":"1a1c01bbd47fc00a2c39e90264f33305004495a9","hash":"9c06047a887377550fea286362c841d7dd29e63b"}
,"C:\\Users\\nmh14\\IdeaProjects\\TeamExoServer\\src\\controladores\\rest\\Usuario.js": {"path":"C:\\Users\\nmh14\\IdeaProjects\\TeamExoServer\\src\\controladores\\rest\\Usuario.js","statementMap":{"0":{"start":{"line":1,"column":21},"end":{"line":1,"column":39}},"1":{"start":{"line":2,"column":15},"end":{"line":2,"column":32}},"2":{"start":{"line":3,"column":15},"end":{"line":3,"column":46}},"3":{"start":{"line":4,"column":16},"end":{"line":4,"column":48}},"4":{"start":{"line":6,"column":20},"end":{"line":14,"column":1}},"5":{"start":{"line":7,"column":4},"end":{"line":13,"column":5}},"6":{"start":{"line":8,"column":25},"end":{"line":8,"column":45}},"7":{"start":{"line":9,"column":8},"end":{"line":9,"column":27}},"8":{"start":{"line":11,"column":8},"end":{"line":11,"column":68}},"9":{"start":{"line":12,"column":8},"end":{"line":12,"column":135}},"10":{"start":{"line":16,"column":23},"end":{"line":44,"column":1}},"11":{"start":{"line":18,"column":74},"end":{"line":18,"column":82}},"12":{"start":{"line":19,"column":4},"end":{"line":21,"column":5}},"13":{"start":{"line":20,"column":8},"end":{"line":20,"column":77}},"14":{"start":{"line":22,"column":4},"end":{"line":43,"column":5}},"15":{"start":{"line":23,"column":21},"end":{"line":23,"column":45}},"16":{"start":{"line":24,"column":31},"end":{"line":24,"column":66}},"17":{"start":{"line":26,"column":29},"end":{"line":33,"column":10}},"18":{"start":{"line":35,"column":8},"end":{"line":35,"column":34}},"19":{"start":{"line":36,"column":8},"end":{"line":39,"column":11}},"20":{"start":{"line":41,"column":8},"end":{"line":41,"column":68}},"21":{"start":{"line":42,"column":8},"end":{"line":42,"column":135}},"22":{"start":{"line":47,"column":4},"end":{"line":53,"column":5}},"23":{"start":{"line":48,"column":23},"end":{"line":48,"column":63}},"24":{"start":{"line":49,"column":8},"end":{"line":49,"column":24}},"25":{"start":{"line":51,"column":8},"end":{"line":51,"column":61}},"26":{"start":{"line":52,"column":8},"end":{"line":52,"column":54}},"27":{"start":{"line":56,"column":26},"end":{"line":83,"column":1}},"28":{"start":{"line":57,"column":26},"end":{"line":57,"column":36}},"29":{"start":{"line":58,"column":62},"end":{"line":58,"column":70}},"30":{"start":{"line":60,"column":4},"end":{"line":62,"column":5}},"31":{"start":{"line":61,"column":8},"end":{"line":61,"column":92}},"32":{"start":{"line":64,"column":4},"end":{"line":82,"column":5}},"33":{"start":{"line":65,"column":31},"end":{"line":69,"column":9}},"34":{"start":{"line":71,"column":8},"end":{"line":73,"column":9}},"35":{"start":{"line":72,"column":12},"end":{"line":72,"column":74}},"36":{"start":{"line":75,"column":8},"end":{"line":78,"column":11}},"37":{"start":{"line":80,"column":8},"end":{"line":80,"column":71}},"38":{"start":{"line":81,"column":8},"end":{"line":81,"column":135}},"39":{"start":{"line":87,"column":4},"end":{"line":97,"column":5}},"40":{"start":{"line":88,"column":23},"end":{"line":91,"column":10}},"41":{"start":{"line":93,"column":8},"end":{"line":93,"column":24}},"42":{"start":{"line":95,"column":8},"end":{"line":95,"column":83}},"43":{"start":{"line":96,"column":8},"end":{"line":96,"column":54}},"44":{"start":{"line":100,"column":29},"end":{"line":131,"column":1}},"45":{"start":{"line":101,"column":26},"end":{"line":101,"column":36}},"46":{"start":{"line":102,"column":32},"end":{"line":102,"column":40}},"47":{"start":{"line":104,"column":4},"end":{"line":106,"column":5}},"48":{"start":{"line":105,"column":8},"end":{"line":105,"column":83}},"49":{"start":{"line":108,"column":4},"end":{"line":130,"column":5}},"50":{"start":{"line":109,"column":8},"end":{"line":109,"column":69}},"51":{"start":{"line":110,"column":23},"end":{"line":110,"column":80}},"52":{"start":{"line":111,"column":8},"end":{"line":111,"column":42}},"53":{"start":{"line":113,"column":21},"end":{"line":113,"column":45}},"54":{"start":{"line":114,"column":31},"end":{"line":114,"column":71}},"55":{"start":{"line":116,"column":24},"end":{"line":120,"column":9}},"56":{"start":{"line":122,"column":8},"end":{"line":124,"column":9}},"57":{"start":{"line":123,"column":12},"end":{"line":123,"column":74}},"58":{"start":{"line":126,"column":8},"end":{"line":126,"column":66}},"59":{"start":{"line":128,"column":8},"end":{"line":128,"column":73}},"60":{"start":{"line":129,"column":8},"end":{"line":129,"column":93}},"61":{"start":{"line":133,"column":24},"end":{"line":151,"column":1}},"62":{"start":{"line":134,"column":26},"end":{"line":134,"column":36}},"63":{"start":{"line":135,"column":4},"end":{"line":137,"column":5}},"64":{"start":{"line":136,"column":8},"end":{"line":136,"column":76}},"65":{"start":{"line":138,"column":4},"end":{"line":150,"column":5}},"66":{"start":{"line":139,"column":31},"end":{"line":139,"column":97}},"67":{"start":{"line":140,"column":8},"end":{"line":142,"column":9}},"68":{"start":{"line":141,"column":12},"end":{"line":141,"column":74}},"69":{"start":{"line":143,"column":8},"end":{"line":146,"column":11}},"70":{"start":{"line":148,"column":8},"end":{"line":148,"column":69}},"71":{"start":{"line":149,"column":8},"end":{"line":149,"column":135}},"72":{"start":{"line":153,"column":0},"end":{"line":153,"column":106}}},"fnMap":{"0":{"name":"(anonymous_0)","decl":{"start":{"line":6,"column":20},"end":{"line":6,"column":21}},"loc":{"start":{"line":6,"column":51},"end":{"line":14,"column":1}},"line":6},"1":{"name":"(anonymous_1)","decl":{"start":{"line":16,"column":23},"end":{"line":16,"column":24}},"loc":{"start":{"line":16,"column":54},"end":{"line":44,"column":1}},"line":16},"2":{"name":"emailExist","decl":{"start":{"line":46,"column":15},"end":{"line":46,"column":25}},"loc":{"start":{"line":46,"column":33},"end":{"line":54,"column":1}},"line":46},"3":{"name":"(anonymous_3)","decl":{"start":{"line":56,"column":26},"end":{"line":56,"column":27}},"loc":{"start":{"line":56,"column":57},"end":{"line":83,"column":1}},"line":56},"4":{"name":"emailExistExceptUserId","decl":{"start":{"line":86,"column":15},"end":{"line":86,"column":37}},"loc":{"start":{"line":86,"column":56},"end":{"line":98,"column":1}},"line":86},"5":{"name":"(anonymous_5)","decl":{"start":{"line":100,"column":29},"end":{"line":100,"column":30}},"loc":{"start":{"line":100,"column":60},"end":{"line":131,"column":1}},"line":100},"6":{"name":"(anonymous_6)","decl":{"start":{"line":133,"column":24},"end":{"line":133,"column":25}},"loc":{"start":{"line":133,"column":55},"end":{"line":151,"column":1}},"line":133}},"branchMap":{"0":{"loc":{"start":{"line":6,"column":32},"end":{"line":6,"column":46}},"type":"default-arg","locations":[{"start":{"line":6,"column":38},"end":{"line":6,"column":46}}],"line":6},"1":{"loc":{"start":{"line":16,"column":35},"end":{"line":16,"column":49}},"type":"default-arg","locations":[{"start":{"line":16,"column":41},"end":{"line":16,"column":49}}],"line":16},"2":{"loc":{"start":{"line":19,"column":4},"end":{"line":21,"column":5}},"type":"if","locations":[{"start":{"line":19,"column":4},"end":{"line":21,"column":5}},{"start":{},"end":{}}],"line":19},"3":{"loc":{"start":{"line":56,"column":38},"end":{"line":56,"column":52}},"type":"default-arg","locations":[{"start":{"line":56,"column":44},"end":{"line":56,"column":52}}],"line":56},"4":{"loc":{"start":{"line":60,"column":4},"end":{"line":62,"column":5}},"type":"if","locations":[{"start":{"line":60,"column":4},"end":{"line":62,"column":5}},{"start":{},"end":{}}],"line":60},"5":{"loc":{"start":{"line":71,"column":8},"end":{"line":73,"column":9}},"type":"if","locations":[{"start":{"line":71,"column":8},"end":{"line":73,"column":9}},{"start":{},"end":{}}],"line":71},"6":{"loc":{"start":{"line":100,"column":41},"end":{"line":100,"column":55}},"type":"default-arg","locations":[{"start":{"line":100,"column":47},"end":{"line":100,"column":55}}],"line":100},"7":{"loc":{"start":{"line":104,"column":4},"end":{"line":106,"column":5}},"type":"if","locations":[{"start":{"line":104,"column":4},"end":{"line":106,"column":5}},{"start":{},"end":{}}],"line":104},"8":{"loc":{"start":{"line":104,"column":8},"end":{"line":104,"column":57}},"type":"binary-expr","locations":[{"start":{"line":104,"column":8},"end":{"line":104,"column":24}},{"start":{"line":104,"column":28},"end":{"line":104,"column":57}}],"line":104},"9":{"loc":{"start":{"line":122,"column":8},"end":{"line":124,"column":9}},"type":"if","locations":[{"start":{"line":122,"column":8},"end":{"line":124,"column":9}},{"start":{},"end":{}}],"line":122},"10":{"loc":{"start":{"line":133,"column":36},"end":{"line":133,"column":50}},"type":"default-arg","locations":[{"start":{"line":133,"column":42},"end":{"line":133,"column":50}}],"line":133},"11":{"loc":{"start":{"line":135,"column":4},"end":{"line":137,"column":5}},"type":"if","locations":[{"start":{"line":135,"column":4},"end":{"line":137,"column":5}},{"start":{},"end":{}}],"line":135},"12":{"loc":{"start":{"line":140,"column":8},"end":{"line":142,"column":9}},"type":"if","locations":[{"start":{"line":140,"column":8},"end":{"line":142,"column":9}},{"start":{},"end":{}}],"line":140}},"s":{"0":4,"1":4,"2":4,"3":4,"4":4,"5":2,"6":2,"7":1,"8":1,"9":1,"10":4,"11":2,"12":2,"13":1,"14":1,"15":1,"16":1,"17":1,"18":1,"19":1,"20":0,"21":0,"22":2,"23":2,"24":2,"25":0,"26":0,"27":4,"28":3,"29":3,"30":3,"31":1,"32":2,"33":2,"34":2,"35":1,"36":1,"37":0,"38":0,"39":3,"40":3,"41":3,"42":0,"43":0,"44":4,"45":3,"46":3,"47":3,"48":1,"49":2,"50":2,"51":2,"52":2,"53":2,"54":2,"55":2,"56":2,"57":1,"58":1,"59":0,"60":0,"61":4,"62":0,"63":0,"64":0,"65":0,"66":0,"67":0,"68":0,"69":0,"70":0,"71":0,"72":4},"f":{"0":2,"1":2,"2":2,"3":3,"4":3,"5":3,"6":0},"b":{"0":[0],"1":[0],"2":[1,1],"3":[0],"4":[1,2],"5":[1,1],"6":[0],"7":[1,2],"8":[3,2],"9":[1,1],"10":[0],"11":[0,0],"12":[0,0]},"_coverageSchema":"1a1c01bbd47fc00a2c39e90264f33305004495a9","hash":"72f297a6d2a6e17451d279caaccdaeede72268b5"}
,"C:\\Users\\nmh14\\IdeaProjects\\TeamExoServer\\src\\helpers\\logger.js": {"path":"C:\\Users\\nmh14\\IdeaProjects\\TeamExoServer\\src\\helpers\\logger.js","statementMap":{"0":{"start":{"line":1,"column":16},"end":{"line":1,"column":34}},"1":{"start":{"line":3,"column":15},"end":{"line":15,"column":2}},"2":{"start":{"line":8,"column":12},"end":{"line":8,"column":71}},"3":{"start":{"line":17,"column":0},"end":{"line":21,"column":1}},"4":{"start":{"line":18,"column":4},"end":{"line":20,"column":8}},"5":{"start":{"line":23,"column":0},"end":{"line":23,"column":24}}},"fnMap":{"0":{"name":"(anonymous_0)","decl":{"start":{"line":7,"column":30},"end":{"line":7,"column":31}},"loc":{"start":{"line":7,"column":65},"end":{"line":9,"column":9}},"line":7}},"branchMap":{"0":{"loc":{"start":{"line":17,"column":0},"end":{"line":21,"column":1}},"type":"if","locations":[{"start":{"line":17,"column":0},"end":{"line":21,"column":1}},{"start":{},"end":{}}],"line":17}},"s":{"0":4,"1":4,"2":1,"3":4,"4":4,"5":4},"f":{"0":1},"b":{"0":[4,0]},"_coverageSchema":"1a1c01bbd47fc00a2c39e90264f33305004495a9","hash":"f81afe9162ff8ab9d1d26cf9b7ac948d8d7d3071"}
,"C:\\Users\\nmh14\\IdeaProjects\\TeamExoServer\\src\\modelos\\Usuario.js": {"path":"C:\\Users\\nmh14\\IdeaProjects\\TeamExoServer\\src\\modelos\\Usuario.js","statementMap":{"0":{"start":{"line":1,"column":17},"end":{"line":1,"column":36}},"1":{"start":{"line":2,"column":26},"end":{"line":2,"column":34}},"2":{"start":{"line":3,"column":22},"end":{"line":3,"column":60}},"3":{"start":{"line":5,"column":22},"end":{"line":36,"column":2}},"4":{"start":{"line":38,"column":0},"end":{"line":38,"column":64}},"5":{"start":{"line":40,"column":0},"end":{"line":40,"column":49}}},"fnMap":{},"branchMap":{},"s":{"0":4,"1":4,"2":4,"3":4,"4":4,"5":4},"f":{},"b":{},"_coverageSchema":"1a1c01bbd47fc00a2c39e90264f33305004495a9","hash":"0e846ce30a8fa894c8ffb69ac8efbcad28c4c601"}
,"C:\\Users\\nmh14\\IdeaProjects\\TeamExoServer\\src\\rutas\\Usuario.js": {"path":"C:\\Users\\nmh14\\IdeaProjects\\TeamExoServer\\src\\rutas\\Usuario.js","statementMap":{"0":{"start":{"line":1,"column":16},"end":{"line":1,"column":34}},"1":{"start":{"line":2,"column":15},"end":{"line":2,"column":31}},"2":{"start":{"line":9,"column":4},"end":{"line":9,"column":44}},"3":{"start":{"line":11,"column":0},"end":{"line":11,"column":29}},"4":{"start":{"line":12,"column":0},"end":{"line":12,"column":33}},"5":{"start":{"line":13,"column":0},"end":{"line":13,"column":45}},"6":{"start":{"line":14,"column":0},"end":{"line":14,"column":46}},"7":{"start":{"line":15,"column":0},"end":{"line":15,"column":59}},"8":{"start":{"line":17,"column":0},"end":{"line":17,"column":24}}},"fnMap":{},"branchMap":{},"s":{"0":3,"1":3,"2":3,"3":3,"4":3,"5":3,"6":3,"7":3,"8":3},"f":{},"b":{},"_coverageSchema":"1a1c01bbd47fc00a2c39e90264f33305004495a9","hash":"cb20c34456f3b7a2da9917c263e2d260e7cd80bc"}
}
