TN:
SF:servicios\rutasREST\Comentario.js
FNF:0
FNH:0
DA:1,29
DA:2,29
DA:8,29
DA:44,29
DA:65,29
DA:97,29
DA:120,29
DA:122,29
LF:8
LH:8
BRF:0
BRH:0
end_of_record
TN:
SF:servicios\rutasREST\Estadistica.js
FNF:0
FNH:0
DA:1,29
DA:2,29
DA:3,29
DA:43,29
DA:45,29
LF:5
LH:5
BRF:0
BRH:0
end_of_record
TN:
SF:servicios\rutasREST\Notificacion.js
FNF:0
FNH:0
DA:1,29
DA:2,29
DA:8,29
DA:51,29
DA:74,29
DA:99,29
DA:122,29
DA:124,29
LF:8
LH:8
BRF:0
BRH:0
end_of_record
TN:
SF:servicios\rutasREST\Publicacion.js
FNF:0
FNH:0
DA:1,29
DA:2,29
DA:9,29
DA:51,29
DA:87,29
DA:127,29
DA:161,29
DA:231,29
DA:233,29
LF:9
LH:9
BRF:0
BRH:0
end_of_record
TN:
SF:servicios\rutasREST\Reaccion.js
FNF:0
FNH:0
DA:1,29
DA:2,29
DA:8,29
DA:52,29
DA:73,29
DA:106,29
DA:129,29
DA:131,29
LF:8
LH:8
BRF:0
BRH:0
end_of_record
TN:
SF:servicios\rutasREST\Recurso.js
FNF:0
FNH:0
DA:1,29
DA:2,29
DA:10,29
DA:52,29
DA:75,29
DA:96,29
DA:117,29
DA:140,29
DA:178,29
DA:180,29
LF:10
LH:10
BRF:0
BRH:0
end_of_record
TN:
SF:servicios\rutasREST\Usuario.js
FNF:0
FNH:0
DA:1,29
DA:2,29
DA:10,29
DA:11,29
DA:32,29
DA:74,29
DA:113,29
DA:136,29
DA:171,29
DA:189,29
DA:191,29
LF:11
LH:11
BRF:0
BRH:0
end_of_record
TN:
SF:servicios\serviciosgRPC\grcpEstadistica\controladores\EstadisticaGRPC.js
FN:10,obtenerEstadisticas
FN:90,(anonymous_1)
FNF:2
FNH:1
FNDA:1,obtenerEstadisticas
FNDA:0,(anonymous_1)
DA:1,29
DA:2,29
DA:3,29
DA:4,29
DA:5,29
DA:6,29
DA:7,29
DA:8,29
DA:11,1
DA:22,1
DA:68,1
DA:69,1
DA:70,1
DA:71,1
DA:72,1
DA:73,1
DA:74,1
DA:76,1
DA:80,1
DA:84,1
DA:90,0
DA:95,0
DA:116,1
DA:117,1
DA:124,29
LF:25
LH:23
BRDA:68,0,0,1
BRDA:68,0,1,0
BRDA:69,1,0,1
BRDA:69,1,1,0
BRDA:70,2,0,1
BRDA:70,2,1,0
BRDA:71,3,0,1
BRDA:71,3,1,0
BRDA:72,4,0,1
BRDA:72,4,1,0
BRDA:73,5,0,1
BRDA:73,5,1,0
BRDA:74,6,0,1
BRDA:74,6,1,0
BRDA:76,7,0,1
BRDA:76,7,1,0
BRDA:80,8,0,1
BRDA:80,8,1,0
BRDA:97,9,0,0
BRDA:97,9,1,0
BRDA:98,10,0,0
BRDA:98,10,1,0
BRDA:99,11,0,0
BRDA:99,11,1,0
BRDA:102,12,0,0
BRDA:102,12,1,0
BRDA:103,13,0,0
BRDA:103,13,1,0
BRDA:104,14,0,0
BRDA:104,14,1,0
BRDA:107,15,0,0
BRDA:107,15,1,0
BRDA:108,16,0,0
BRDA:108,16,1,0
BRDA:109,17,0,0
BRDA:109,17,1,0
BRDA:111,18,0,0
BRDA:111,18,1,0
BRDA:112,19,0,0
BRDA:112,19,1,0
BRF:40
BRH:9
end_of_record
TN:
SF:servicios\serviciosgRPC\grcpNotificacion\controladores\NotificacionGRPC.js
FN:16,streamNotificaciones
FN:30,(anonymous_1)
FN:31,(anonymous_2)
FN:46,emitirNotificacion
FN:68,(anonymous_4)
FN:92,__setSuscriptores
FNF:6
FNH:2
FNDA:0,streamNotificaciones
FNDA:0,(anonymous_1)
FNDA:0,(anonymous_2)
FNDA:1,emitirNotificacion
FNDA:0,(anonymous_4)
FNDA:1,__setSuscriptores
DA:1,1
DA:8,1
DA:17,0
DA:19,0
DA:20,0
DA:21,0
DA:24,0
DA:25,0
DA:28,0
DA:30,0
DA:31,0
DA:47,1
DA:49,1
DA:50,0
DA:51,0
DA:54,1
DA:56,1
DA:64,1
DA:67,1
DA:68,0
DA:69,0
DA:70,0
DA:71,0
DA:79,0
DA:80,0
DA:82,0
DA:93,1
DA:94,0
DA:98,1
LF:29
LH:10
BRDA:19,0,0,0
BRDA:19,0,1,0
BRDA:24,1,0,0
BRDA:24,1,1,0
BRDA:47,2,0,0
BRDA:49,3,0,0
BRDA:49,3,1,1
BRDA:49,4,0,1
BRDA:49,4,1,1
BRDA:49,4,2,1
BRDA:54,5,0,1
BRDA:54,5,1,0
BRDA:67,6,0,0
BRDA:67,6,1,1
BRDA:69,7,0,0
BRDA:69,7,1,0
BRF:16
BRH:6
end_of_record
TN:
SF:servicios\serviciosgRPC\grcpReaccion\controladores\ReaccionGRPC.js
FN:18,streamReacciones
FN:33,(anonymous_1)
FN:34,(anonymous_2)
FN:44,emitirReaccion
FN:62,(anonymous_4)
FN:80,__setSuscriptores
FNF:6
FNH:3
FNDA:0,streamReacciones
FNDA:0,(anonymous_1)
FNDA:0,(anonymous_2)
FNDA:3,emitirReaccion
FNDA:1,(anonymous_4)
FNDA:1,__setSuscriptores
DA:7,30
DA:19,0
DA:21,0
DA:22,0
DA:23,0
DA:26,0
DA:27,0
DA:30,0
DA:33,0
DA:34,0
DA:45,3
DA:47,3
DA:48,1
DA:49,1
DA:52,2
DA:59,2
DA:62,1
DA:63,1
DA:64,1
DA:65,1
DA:67,0
DA:68,0
DA:70,1
DA:81,1
DA:82,1
DA:86,30
LF:26
LH:15
BRDA:21,0,0,0
BRDA:21,0,1,0
BRDA:26,1,0,0
BRDA:26,1,1,0
BRDA:45,2,0,2
BRDA:47,3,0,1
BRDA:47,3,1,2
BRDA:47,4,0,3
BRDA:47,4,1,3
BRDA:47,4,2,2
BRDA:59,5,0,1
BRDA:59,5,1,1
BRDA:63,6,0,0
BRDA:63,6,1,1
BRF:14
BRH:9
end_of_record
TN:
SF:servicios\serviciosgRPC\grcpRecurso\Recurso.js
FN:10,createGrpcServer
FN:29,startGrpcServer
FN:33,(anonymous_2)
FN:34,(anonymous_3)
FN:43,stopGrpcServer
FNF:5
FNH:5
FNDA:2,createGrpcServer
FNDA:2,startGrpcServer
FNDA:2,(anonymous_2)
FNDA:2,(anonymous_3)
FNDA:2,stopGrpcServer
DA:1,3
DA:2,3
DA:3,3
DA:4,3
DA:5,3
DA:6,3
DA:11,2
DA:12,2
DA:13,2
DA:14,2
DA:16,2
DA:21,2
DA:26,2
DA:30,2
DA:31,2
DA:33,2
DA:34,2
DA:35,2
DA:36,2
DA:37,2
DA:38,2
DA:44,2
DA:47,3
LF:23
LH:23
BRDA:35,0,0,0
BRDA:35,0,1,2
BRDA:44,1,0,2
BRDA:44,1,1,0
BRF:4
BRH:2
end_of_record
TN:
SF:servicios\serviciosgRPC\grcpRecurso\config.js
FNF:0
FNH:0
DA:1,3
DA:3,3
DA:4,3
DA:6,0
DA:9,3
LF:5
LH:4
BRDA:3,0,0,3
BRDA:3,0,1,0
BRF:2
BRH:1
end_of_record
TN:
SF:servicios\serviciosgRPC\grcpRecurso\controladores\RecursoGRPC.js
FN:7,(anonymous_0)
FN:108,(anonymous_1)
FNF:2
FNH:2
FNDA:8,(anonymous_0)
FNDA:2,(anonymous_1)
DA:1,3
DA:2,3
DA:3,3
DA:4,3
DA:5,3
DA:7,3
DA:18,8
DA:20,8
DA:22,8
DA:23,0
DA:29,8
DA:30,8
DA:31,0
DA:34,8
DA:38,8
DA:39,8
DA:40,8
DA:41,8
DA:42,0
DA:48,8
DA:49,8
DA:53,8
DA:55,3
DA:64,3
DA:66,2
DA:75,2
DA:77,2
DA:86,2
DA:87,0
DA:93,8
DA:95,7
DA:101,1
DA:108,3
DA:109,2
DA:111,2
DA:112,2
DA:116,2
DA:117,2
DA:118,2
DA:121,2
DA:123,2
DA:124,1
DA:130,1
DA:132,1
DA:138,0
DA:145,3
LF:46
LH:41
BRDA:22,0,0,0
BRDA:22,0,1,8
BRDA:22,1,0,8
BRDA:22,1,1,8
BRDA:30,2,0,0
BRDA:30,2,1,8
BRDA:34,3,0,3
BRDA:34,3,1,5
BRDA:35,4,0,2
BRDA:35,4,1,3
BRDA:36,5,0,2
BRDA:36,5,1,1
BRDA:41,6,0,0
BRDA:41,6,1,8
BRDA:48,7,0,8
BRDA:48,7,1,0
BRDA:53,8,0,3
BRDA:53,8,1,2
BRDA:53,8,2,2
BRDA:112,9,0,2
BRDA:112,9,1,0
BRDA:113,10,0,0
BRDA:113,10,1,0
BRDA:114,11,0,0
BRDA:114,11,1,0
BRDA:123,12,0,1
BRDA:123,12,1,1
BRF:27
BRH:18
end_of_record
TN:
SF:servicios\serviciosgRPC\grcpUsuario\Usuario.js
FN:10,createGrpcServer
FN:24,startGrpcServer
FN:29,(anonymous_2)
FN:30,(anonymous_3)
FN:38,stopGrpcServer
FNF:5
FNH:5
FNDA:1,createGrpcServer
FNDA:1,startGrpcServer
FNDA:1,(anonymous_2)
FNDA:1,(anonymous_3)
FNDA:1,stopGrpcServer
DA:1,1
DA:2,1
DA:3,1
DA:4,1
DA:5,1
DA:6,1
DA:11,1
DA:12,1
DA:13,1
DA:14,1
DA:15,1
DA:16,1
DA:21,1
DA:25,1
DA:27,1
DA:29,1
DA:30,1
DA:31,1
DA:32,1
DA:33,1
DA:39,1
DA:42,1
LF:22
LH:22
BRDA:31,0,0,0
BRDA:31,0,1,1
BRDA:39,1,0,1
BRDA:39,1,1,0
BRF:4
BRH:2
end_of_record
TN:
SF:servicios\serviciosgRPC\grcpUsuario\config.js
FNF:0
FNH:0
DA:1,1
DA:3,1
DA:4,1
DA:6,0
DA:9,1
LF:5
LH:4
BRDA:3,0,0,1
BRDA:3,0,1,0
BRF:2
BRH:1
end_of_record
TN:
SF:servicios\serviciosgRPC\grcpUsuario\controladores\UsuarioGRPC.js
FN:6,(anonymous_0)
FNF:1
FNH:1
FNDA:3,(anonymous_0)
DA:1,1
DA:2,1
DA:3,1
DA:4,1
DA:6,1
DA:7,3
DA:9,3
DA:10,3
DA:12,3
DA:13,1
DA:23,2
DA:25,2
DA:26,1
DA:36,1
DA:42,1
DA:52,0
DA:59,1
LF:17
LH:16
BRDA:12,0,0,1
BRDA:12,0,1,2
BRDA:25,1,0,1
BRDA:25,1,1,1
BRDA:38,2,0,1
BRDA:38,2,1,1
BRF:6
BRH:6
end_of_record
TN:
SF:src\app.js
FNF:0
FNH:0
DA:1,29
DA:2,29
DA:5,29
DA:6,29
DA:8,29
DA:9,0
DA:10,0
DA:14,29
DA:15,29
DA:16,29
DA:18,29
DA:19,29
DA:20,29
DA:23,29
DA:24,29
DA:25,29
DA:28,29
LF:17
LH:15
BRDA:8,0,0,0
BRDA:8,0,1,29
BRF:2
BRH:1
end_of_record
TN:
SF:src\config.js
FNF:0
FNH:0
DA:1,30
DA:3,30
DA:4,30
DA:6,0
DA:9,30
LF:5
LH:4
BRDA:3,0,0,30
BRDA:3,0,1,0
BRF:2
BRH:1
end_of_record
TN:
SF:src\controladores\Comentario.js
FN:32,(anonymous_0)
FN:70,(anonymous_1)
FN:110,(anonymous_2)
FN:149,(anonymous_3)
FNF:4
FNH:4
FNDA:6,(anonymous_0)
FNDA:2,(anonymous_1)
FNDA:4,(anonymous_2)
FNDA:4,(anonymous_3)
DA:1,29
DA:2,29
DA:3,29
DA:32,29
DA:33,6
DA:34,6
DA:35,6
DA:42,6
DA:43,1
DA:45,5
DA:46,5
DA:70,29
DA:71,2
DA:72,2
DA:73,2
DA:75,0
DA:76,0
DA:110,29
DA:111,4
DA:112,4
DA:113,4
DA:119,3
DA:121,1
DA:123,1
DA:124,1
DA:149,29
DA:150,4
DA:151,4
DA:152,3
DA:154,1
DA:156,1
DA:157,1
DA:161,29
LF:33
LH:31
BRDA:32,0,0,0
BRDA:70,1,0,0
BRDA:110,2,0,0
BRDA:119,3,0,2
BRDA:119,3,1,1
BRDA:149,4,0,0
BRDA:152,5,0,2
BRDA:152,5,1,1
BRF:8
BRH:4
end_of_record
TN:
SF:src\controladores\Estadistica.js
FN:30,obtenerEstadisticasREST
FN:32,(anonymous_1)
FNF:2
FNH:2
FNDA:2,obtenerEstadisticasREST
FNDA:2,(anonymous_1)
DA:1,29
DA:2,29
DA:31,2
DA:33,2
DA:34,1
DA:36,1
DA:41,29
LF:7
LH:7
BRDA:33,0,0,1
BRDA:33,0,1,1
BRF:2
BRH:2
end_of_record
TN:
SF:src\controladores\Notificaciones.js
FN:39,(anonymous_0)
FN:62,(anonymous_1)
FN:102,(anonymous_2)
FN:146,(anonymous_3)
FN:185,(anonymous_4)
FNF:5
FNH:5
FNDA:3,(anonymous_0)
FNDA:1,(anonymous_1)
FNDA:2,(anonymous_2)
FNDA:1,(anonymous_3)
FNDA:2,(anonymous_4)
DA:1,29
DA:2,29
DA:3,29
DA:39,29
DA:40,3
DA:41,3
DA:43,3
DA:44,3
DA:46,3
DA:47,1
DA:50,3
DA:56,3
DA:61,3
DA:62,1
DA:63,1
DA:66,3
DA:73,0
DA:74,0
DA:102,29
DA:103,2
DA:104,2
DA:110,2
DA:111,1
DA:114,1
DA:116,0
DA:117,0
DA:146,29
DA:147,1
DA:148,1
DA:150,1
DA:155,1
DA:159,0
DA:160,0
DA:185,29
DA:186,2
DA:187,2
DA:191,2
DA:192,1
DA:195,1
DA:200,0
DA:201,0
DA:205,29
LF:42
LH:34
BRDA:39,0,0,0
BRDA:41,1,0,2
BRDA:41,2,0,2
BRDA:46,3,0,1
BRDA:46,3,1,2
BRDA:61,4,0,1
BRDA:61,4,1,2
BRDA:76,5,0,0
BRDA:76,5,1,0
BRDA:102,6,0,0
BRDA:110,7,0,1
BRDA:110,7,1,1
BRDA:146,8,0,0
BRDA:185,9,0,0
BRDA:191,10,0,1
BRDA:191,10,1,1
BRF:16
BRH:10
end_of_record
TN:
SF:src\controladores\Publicacion.js
FN:44,(anonymous_0)
FN:113,(anonymous_1)
FN:221,(anonymous_2)
FN:350,(anonymous_3)
FN:423,(anonymous_4)
FNF:5
FNH:5
FNDA:3,(anonymous_0)
FNDA:4,(anonymous_1)
FNDA:6,(anonymous_2)
FNDA:6,(anonymous_3)
FNDA:5,(anonymous_4)
DA:1,29
DA:2,29
DA:3,29
DA:4,29
DA:44,29
DA:45,3
DA:47,3
DA:48,1
DA:51,2
DA:52,2
DA:53,2
DA:63,2
DA:65,2
DA:70,0
DA:71,0
DA:113,29
DA:114,4
DA:115,4
DA:117,4
DA:118,4
DA:119,1
DA:124,3
DA:126,3
DA:127,1
DA:132,2
DA:142,2
DA:148,0
DA:149,0
DA:221,29
DA:229,6
DA:231,6
DA:232,6
DA:251,6
DA:252,1
DA:259,6
DA:260,2
DA:261,2
DA:271,6
DA:272,0
DA:281,6
DA:288,6
DA:293,6
DA:298,5
DA:300,5
DA:308,1
DA:309,1
DA:350,29
DA:351,6
DA:352,6
DA:354,6
DA:355,0
DA:360,6
DA:388,5
DA:390,1
DA:391,1
DA:423,29
DA:424,5
DA:425,5
DA:450,4
DA:452,1
DA:453,1
DA:460,29
LF:62
LH:56
BRDA:44,0,0,0
BRDA:45,1,0,3
BRDA:45,2,0,0
BRDA:45,3,0,3
BRDA:47,4,0,1
BRDA:47,4,1,2
BRDA:47,5,0,3
BRDA:47,5,1,2
BRDA:113,6,0,0
BRDA:115,7,0,4
BRDA:115,7,1,0
BRDA:118,8,0,1
BRDA:118,8,1,3
BRDA:118,9,0,4
BRDA:118,9,1,2
BRDA:126,10,0,1
BRDA:126,10,1,2
BRDA:136,11,0,2
BRDA:136,11,1,0
BRDA:221,12,0,0
BRDA:226,13,0,6
BRDA:227,14,0,5
BRDA:228,15,0,5
BRDA:251,16,0,1
BRDA:251,16,1,5
BRDA:259,17,0,2
BRDA:259,17,1,4
BRDA:271,18,0,0
BRDA:271,18,1,6
BRDA:298,19,0,5
BRDA:298,19,1,1
BRDA:311,20,0,0
BRDA:311,20,1,1
BRDA:350,21,0,0
BRDA:354,22,0,0
BRDA:354,22,1,6
BRDA:423,23,0,0
BRF:37
BRH:26
end_of_record
TN:
SF:src\controladores\Reaccion.js
FN:42,(anonymous_0)
FN:77,(anonymous_1)
FN:119,(anonymous_2)
FN:157,(anonymous_3)
FNF:4
FNH:4
FNDA:2,(anonymous_0)
FNDA:2,(anonymous_1)
FNDA:2,(anonymous_2)
FNDA:2,(anonymous_3)
DA:1,29
DA:2,29
DA:3,29
DA:4,29
DA:42,29
DA:43,2
DA:45,2
DA:46,2
DA:47,2
DA:49,1
DA:51,1
DA:53,1
DA:54,1
DA:77,29
DA:78,2
DA:79,2
DA:80,2
DA:82,0
DA:83,0
DA:119,29
DA:120,2
DA:121,2
DA:122,2
DA:128,2
DA:129,1
DA:131,0
DA:132,0
DA:157,29
DA:158,2
DA:159,2
DA:161,2
DA:163,2
DA:164,1
DA:167,1
DA:172,0
DA:173,0
DA:177,29
LF:37
LH:31
BRDA:42,0,0,0
BRDA:77,1,0,0
BRDA:119,2,0,0
BRDA:128,3,0,1
BRDA:128,3,1,1
BRDA:157,4,0,0
BRDA:163,5,0,1
BRDA:163,5,1,1
BRF:8
BRH:4
end_of_record
TN:
SF:src\controladores\Recurso.js
FN:26,(anonymous_0)
FN:56,(anonymous_1)
FN:85,(anonymous_2)
FN:116,(anonymous_3)
FN:163,(anonymous_4)
FN:229,(anonymous_5)
FNF:6
FNH:6
FNDA:3,(anonymous_0)
FNDA:3,(anonymous_1)
FNDA:3,(anonymous_2)
FNDA:3,(anonymous_3)
FNDA:2,(anonymous_4)
FNDA:4,(anonymous_5)
DA:1,29
DA:2,29
DA:3,29
DA:26,29
DA:27,3
DA:28,3
DA:29,3
DA:30,1
DA:32,0
DA:33,0
DA:56,29
DA:57,3
DA:58,3
DA:59,2
DA:61,1
DA:62,1
DA:85,29
DA:86,3
DA:87,3
DA:88,3
DA:90,0
DA:91,0
DA:116,29
DA:117,3
DA:118,3
DA:119,3
DA:120,1
DA:122,0
DA:123,0
DA:163,29
DA:164,2
DA:165,2
DA:166,2
DA:168,2
DA:169,1
DA:172,1
DA:173,1
DA:177,1
DA:178,1
DA:179,1
DA:180,0
DA:181,0
DA:182,0
DA:184,0
DA:187,1
DA:193,1
DA:195,0
DA:196,0
DA:229,29
DA:230,4
DA:231,4
DA:232,4
DA:234,4
DA:235,4
DA:236,4
DA:237,4
DA:239,4
DA:240,4
DA:242,0
DA:243,0
DA:247,29
LF:61
LH:47
BRDA:26,0,0,0
BRDA:29,1,0,2
BRDA:29,1,1,1
BRDA:56,2,0,0
BRDA:85,3,0,0
BRDA:116,4,0,0
BRDA:119,5,0,2
BRDA:119,5,1,1
BRDA:163,6,0,0
BRDA:168,7,0,1
BRDA:168,7,1,1
BRDA:177,8,0,1
BRDA:177,8,1,0
BRDA:177,9,0,1
BRDA:177,9,1,0
BRDA:179,10,0,1
BRDA:179,10,1,0
BRDA:180,11,0,0
BRDA:180,11,1,0
BRDA:229,12,0,0
BRDA:234,13,0,3
BRDA:234,13,1,1
BRDA:235,14,0,0
BRDA:235,14,1,4
BRDA:236,15,0,1
BRDA:236,15,1,3
BRDA:237,16,0,1
BRDA:237,16,1,3
BRF:28
BRH:16
end_of_record
TN:
SF:src\controladores\Usuario.js
FN:18,(anonymous_0)
FN:68,(anonymous_1)
FN:97,emailExist
FN:147,(anonymous_3)
FN:176,emailExistExceptUserId
FN:222,(anonymous_5)
FN:273,(anonymous_6)
FN:309,(anonymous_7)
FNF:8
FNH:8
FNDA:2,(anonymous_0)
FNDA:2,(anonymous_1)
FNDA:2,emailExist
FNDA:3,(anonymous_3)
FNDA:3,emailExistExceptUserId
FNDA:3,(anonymous_5)
FNDA:2,(anonymous_6)
FNDA:1,(anonymous_7)
DA:1,30
DA:2,30
DA:3,30
DA:4,30
DA:18,30
DA:19,2
DA:20,2
DA:21,1
DA:23,1
DA:24,1
DA:68,30
DA:69,2
DA:70,2
DA:71,1
DA:73,1
DA:74,1
DA:75,1
DA:77,1
DA:86,1
DA:87,1
DA:92,0
DA:93,0
DA:98,2
DA:99,2
DA:100,2
DA:102,0
DA:103,0
DA:147,30
DA:148,3
DA:149,3
DA:151,3
DA:152,1
DA:155,2
DA:156,2
DA:162,2
DA:163,1
DA:166,1
DA:171,0
DA:172,0
DA:177,3
DA:178,3
DA:183,3
DA:185,0
DA:222,30
DA:223,3
DA:224,3
DA:226,3
DA:227,1
DA:230,2
DA:231,2
DA:233,2
DA:234,2
DA:236,2
DA:242,2
DA:243,1
DA:246,1
DA:248,0
DA:249,0
DA:273,30
DA:274,2
DA:275,2
DA:276,0
DA:278,2
DA:279,2
DA:280,2
DA:281,1
DA:283,1
DA:288,0
DA:289,0
DA:309,30
DA:310,1
DA:312,1
DA:313,1
DA:315,1
DA:316,0
DA:319,1
DA:324,0
DA:325,0
DA:329,30
LF:79
LH:64
BRDA:18,0,0,0
BRDA:68,1,0,0
BRDA:70,2,0,1
BRDA:70,2,1,1
BRDA:147,3,0,0
BRDA:151,4,0,1
BRDA:151,4,1,2
BRDA:162,5,0,1
BRDA:162,5,1,1
BRDA:222,6,0,0
BRDA:226,7,0,1
BRDA:226,7,1,2
BRDA:226,8,0,3
BRDA:226,8,1,2
BRDA:242,9,0,1
BRDA:242,9,1,1
BRDA:273,10,0,0
BRDA:275,11,0,0
BRDA:275,11,1,2
BRDA:280,12,0,1
BRDA:280,12,1,1
BRDA:309,13,0,0
BRDA:315,14,0,0
BRDA:315,14,1,1
BRF:24
BRH:16
end_of_record
TN:
SF:src\helpers\logger.js
FN:7,(anonymous_0)
FNF:1
FNH:1
FNDA:10,(anonymous_0)
DA:1,30
DA:3,30
DA:8,10
DA:17,30
DA:18,30
DA:23,30
LF:6
LH:6
BRDA:17,0,0,30
BRDA:17,0,1,0
BRF:2
BRH:1
end_of_record
TN:
SF:src\middlwares\validarJWT.js
FN:4,(anonymous_0)
FNF:1
FNH:1
FNDA:3,(anonymous_0)
DA:1,29
DA:2,29
DA:4,29
DA:5,3
DA:7,3
DA:8,1
DA:11,2
DA:12,2
DA:13,1
DA:14,1
DA:16,1
DA:20,29
LF:12
LH:12
BRDA:7,0,0,1
BRDA:7,0,1,2
BRDA:12,1,0,2
BRDA:12,1,1,2
BRF:4
BRH:4
end_of_record
TN:
SF:src\modelos\Comentario.js
FNF:0
FNH:0
DA:1,30
DA:2,30
DA:4,30
DA:24,30
LF:4
LH:4
BRF:0
BRH:0
end_of_record
TN:
SF:src\modelos\Estadistica.js
FNF:0
FNH:0
DA:1,1
DA:3,1
DA:23,1
LF:3
LH:3
BRF:0
BRH:0
end_of_record
TN:
SF:src\modelos\Notificacion.js
FNF:0
FNH:0
DA:1,30
DA:2,30
DA:4,30
DA:31,30
LF:4
LH:4
BRF:0
BRH:0
end_of_record
TN:
SF:src\modelos\Publicacion.js
FNF:0
FNH:0
DA:1,30
DA:2,30
DA:3,30
DA:5,30
DA:36,30
DA:38,30
LF:6
LH:6
BRF:0
BRH:0
end_of_record
TN:
SF:src\modelos\Reaccion.js
FNF:0
FNH:0
DA:2,30
DA:3,30
DA:5,30
DA:27,30
LF:4
LH:4
BRF:0
BRH:0
end_of_record
TN:
SF:src\modelos\Recurso.js
FNF:0
FNH:0
DA:1,32
DA:2,32
DA:4,32
DA:34,32
DA:36,32
DA:43,32
DA:50,32
DA:57,32
LF:8
LH:8
BRF:0
BRH:0
end_of_record
TN:
SF:src\modelos\Usuario.js
FNF:0
FNH:0
DA:1,32
DA:2,32
DA:3,32
DA:5,32
DA:38,32
DA:40,32
LF:6
LH:6
BRF:0
BRH:0
end_of_record
